{"/home/travis/build/npmtest/node-npmtest-nconf/test.js":{"path":"/home/travis/build/npmtest/node-npmtest-nconf/test.js","s":{"1":2,"2":2,"3":2,"4":2,"5":2,"6":2,"7":2,"8":1,"9":2,"10":2,"11":1,"12":1,"13":1,"14":1,"15":2,"16":2,"17":2,"18":2,"19":1,"20":1,"21":2,"22":2,"23":2,"24":1,"25":1,"26":1,"27":1,"28":1,"29":1,"30":1,"31":1,"32":1,"33":1,"34":1,"35":1,"36":2,"37":2,"38":1,"39":2,"40":2,"41":1,"42":2,"43":2,"44":1,"45":1,"46":1,"47":1,"48":1},"b":{"1":[2,1,1,1],"2":[1,1,1,1],"3":[1,1],"4":[1,1],"5":[1,1],"6":[1,1],"7":[1,1],"8":[1,1],"9":[1,1,1],"10":[1,1],"11":[1,1],"12":[1,1],"13":[1,1],"14":[1,1],"15":[1,1]},"f":{"1":2,"2":2,"3":2,"4":2,"5":2,"6":1,"7":1,"8":2,"9":2,"10":2,"11":1},"fnMap":{"1":{"name":"(anonymous_1)","line":12,"loc":{"start":{"line":12,"column":1},"end":{"line":12,"column":13}}},"2":{"name":"(anonymous_2)","line":19,"loc":{"start":{"line":19,"column":5},"end":{"line":19,"column":17}}},"3":{"name":"(anonymous_3)","line":23,"loc":{"start":{"line":23,"column":24},"end":{"line":23,"column":36}}},"4":{"name":"(anonymous_4)","line":61,"loc":{"start":{"line":61,"column":5},"end":{"line":61,"column":17}}},"5":{"name":"(anonymous_5)","line":82,"loc":{"start":{"line":82,"column":5},"end":{"line":82,"column":17}}},"6":{"name":"(anonymous_6)","line":102,"loc":{"start":{"line":102,"column":83},"end":{"line":105,"column":10}},"skip":true},"7":{"name":"(anonymous_7)","line":113,"loc":{"start":{"line":113,"column":77},"end":{"line":116,"column":10}},"skip":true},"8":{"name":"(anonymous_8)","line":127,"loc":{"start":{"line":127,"column":77},"end":{"line":130,"column":10}},"skip":true},"9":{"name":"(anonymous_9)","line":138,"loc":{"start":{"line":138,"column":83},"end":{"line":141,"column":10}},"skip":true},"10":{"name":"(anonymous_10)","line":149,"loc":{"start":{"line":149,"column":79},"end":{"line":152,"column":10}},"skip":true},"11":{"name":"(anonymous_11)","line":160,"loc":{"start":{"line":160,"column":75},"end":{"line":163,"column":10}},"skip":true}},"statementMap":{"1":{"start":{"line":12,"column":0},"end":{"line":175,"column":5}},"2":{"start":{"line":14,"column":4},"end":{"line":14,"column":14}},"3":{"start":{"line":19,"column":4},"end":{"line":56,"column":9}},"4":{"start":{"line":21,"column":8},"end":{"line":21,"column":19}},"5":{"start":{"line":23,"column":8},"end":{"line":35,"column":13}},"6":{"start":{"line":24,"column":12},"end":{"line":34,"column":13}},"7":{"start":{"line":25,"column":16},"end":{"line":28,"column":30}},"8":{"start":{"line":30,"column":16},"end":{"line":33,"column":27}},"9":{"start":{"line":37,"column":8},"end":{"line":39,"column":21}},"10":{"start":{"line":40,"column":8},"end":{"line":53,"column":9}},"11":{"start":{"line":43,"column":12},"end":{"line":46,"column":14}},"12":{"start":{"line":47,"column":12},"end":{"line":47,"column":18}},"13":{"start":{"line":50,"column":12},"end":{"line":51,"column":46}},"14":{"start":{"line":52,"column":12},"end":{"line":52,"column":18}},"15":{"start":{"line":55,"column":8},"end":{"line":55,"column":35}},"16":{"start":{"line":61,"column":4},"end":{"line":63,"column":9}},"17":{"start":{"line":62,"column":8},"end":{"line":62,"column":15}},"18":{"start":{"line":64,"column":4},"end":{"line":77,"column":5}},"19":{"start":{"line":70,"column":8},"end":{"line":70,"column":14}},"20":{"start":{"line":76,"column":8},"end":{"line":76,"column":14}},"21":{"start":{"line":82,"column":4},"end":{"line":84,"column":9}},"22":{"start":{"line":83,"column":8},"end":{"line":83,"column":15}},"23":{"start":{"line":85,"column":4},"end":{"line":174,"column":5}},"24":{"start":{"line":92,"column":8},"end":{"line":94,"column":63}},"25":{"start":{"line":95,"column":8},"end":{"line":95,"column":14}},"26":{"start":{"line":102,"column":8},"end":{"line":111,"column":10},"skip":true},"27":{"start":{"line":109,"column":12},"end":{"line":109,"column":55},"skip":true},"28":{"start":{"line":110,"column":12},"end":{"line":110,"column":48},"skip":true},"29":{"start":{"line":113,"column":8},"end":{"line":125,"column":10},"skip":true},"30":{"start":{"line":120,"column":12},"end":{"line":120,"column":76},"skip":true},"31":{"start":{"line":121,"column":12},"end":{"line":121,"column":73},"skip":true},"32":{"start":{"line":122,"column":12},"end":{"line":122,"column":74},"skip":true},"33":{"start":{"line":123,"column":12},"end":{"line":123,"column":25},"skip":true},"34":{"start":{"line":124,"column":12},"end":{"line":124,"column":45},"skip":true},"35":{"start":{"line":127,"column":8},"end":{"line":136,"column":10},"skip":true},"36":{"start":{"line":134,"column":12},"end":{"line":134,"column":25},"skip":true},"37":{"start":{"line":135,"column":12},"end":{"line":135,"column":45},"skip":true},"38":{"start":{"line":138,"column":8},"end":{"line":147,"column":10},"skip":true},"39":{"start":{"line":145,"column":12},"end":{"line":145,"column":25},"skip":true},"40":{"start":{"line":146,"column":12},"end":{"line":146,"column":48},"skip":true},"41":{"start":{"line":149,"column":8},"end":{"line":158,"column":10},"skip":true},"42":{"start":{"line":156,"column":12},"end":{"line":156,"column":25},"skip":true},"43":{"start":{"line":157,"column":12},"end":{"line":157,"column":46},"skip":true},"44":{"start":{"line":160,"column":8},"end":{"line":169,"column":10},"skip":true},"45":{"start":{"line":167,"column":12},"end":{"line":167,"column":94},"skip":true},"46":{"start":{"line":168,"column":12},"end":{"line":168,"column":48},"skip":true},"47":{"start":{"line":172,"column":8},"end":{"line":172,"column":35},"skip":true},"48":{"start":{"line":173,"column":8},"end":{"line":173,"column":14},"skip":true}},"branchMap":{"1":{"line":25,"type":"binary-expr","locations":[{"start":{"line":25,"column":23},"end":{"line":25,"column":62}},{"start":{"line":26,"column":20},"end":{"line":26,"column":70}},{"start":{"line":27,"column":20},"end":{"line":27,"column":71}},{"start":{"line":28,"column":20},"end":{"line":28,"column":29}}]},"2":{"line":30,"type":"binary-expr","locations":[{"start":{"line":30,"column":23},"end":{"line":30,"column":37}},{"start":{"line":31,"column":20},"end":{"line":31,"column":61}},{"start":{"line":32,"column":20},"end":{"line":32,"column":70}},{"start":{"line":33,"column":20},"end":{"line":33,"column":26}}]},"3":{"line":37,"type":"cond-expr","locations":[{"start":{"line":38,"column":14},"end":{"line":38,"column":20}},{"start":{"line":39,"column":14},"end":{"line":39,"column":20}}]},"4":{"line":40,"type":"switch","locations":[{"start":{"line":42,"column":8},"end":{"line":47,"column":18}},{"start":{"line":49,"column":8},"end":{"line":52,"column":18}}]},"5":{"line":44,"type":"binary-expr","locations":[{"start":{"line":44,"column":16},"end":{"line":44,"column":44}},{"start":{"line":44,"column":48},"end":{"line":44,"column":66}}]},"6":{"line":50,"type":"binary-expr","locations":[{"start":{"line":50,"column":21},"end":{"line":50,"column":49}},{"start":{"line":50,"column":53},"end":{"line":50,"column":72}}]},"7":{"line":64,"type":"switch","locations":[{"start":{"line":69,"column":4},"end":{"line":70,"column":14}},{"start":{"line":75,"column":4},"end":{"line":76,"column":14}}]},"8":{"line":85,"type":"switch","locations":[{"start":{"line":90,"column":4},"end":{"line":95,"column":14}},{"start":{"line":101,"column":4},"end":{"line":173,"column":14},"skip":true}]},"9":{"line":92,"type":"binary-expr","locations":[{"start":{"line":92,"column":18},"end":{"line":92,"column":32}},{"start":{"line":93,"column":12},"end":{"line":93,"column":53}},{"start":{"line":94,"column":12},"end":{"line":94,"column":61}}]},"10":{"line":102,"type":"binary-expr","locations":[{"start":{"line":102,"column":45},"end":{"line":102,"column":79},"skip":true},{"start":{"line":102,"column":83},"end":{"line":111,"column":9},"skip":true}]},"11":{"line":113,"type":"binary-expr","locations":[{"start":{"line":113,"column":42},"end":{"line":113,"column":73},"skip":true},{"start":{"line":113,"column":77},"end":{"line":125,"column":9},"skip":true}]},"12":{"line":127,"type":"binary-expr","locations":[{"start":{"line":127,"column":42},"end":{"line":127,"column":73},"skip":true},{"start":{"line":127,"column":77},"end":{"line":136,"column":9},"skip":true}]},"13":{"line":138,"type":"binary-expr","locations":[{"start":{"line":138,"column":45},"end":{"line":138,"column":79},"skip":true},{"start":{"line":138,"column":83},"end":{"line":147,"column":9},"skip":true}]},"14":{"line":149,"type":"binary-expr","locations":[{"start":{"line":149,"column":43},"end":{"line":149,"column":75},"skip":true},{"start":{"line":149,"column":79},"end":{"line":158,"column":9},"skip":true}]},"15":{"line":160,"type":"binary-expr","locations":[{"start":{"line":160,"column":41},"end":{"line":160,"column":71},"skip":true},{"start":{"line":160,"column":75},"end":{"line":169,"column":9},"skip":true}]}},"code":["/* istanbul instrument in package npmtest_nconf */","/*jslint","    bitwise: true,","    browser: true,","    maxerr: 8,","    maxlen: 96,","    node: true,","    nomen: true,","    regexp: true,","    stupid: true","*/","(function () {","    'use strict';","    var local;","","","","    // run shared js-env code - pre-init","    (function () {","        // init local","        local = {};","        // init modeJs","        local.modeJs = (function () {","            try {","                return typeof navigator.userAgent === 'string' &&","                    typeof document.querySelector('body') === 'object' &&","                    typeof XMLHttpRequest.prototype.open === 'function' &&","                    'browser';","            } catch (errorCaughtBrowser) {","                return module.exports &&","                    typeof process.versions.node === 'string' &&","                    typeof require('http').createServer === 'function' &&","                    'node';","            }","        }());","        // init global","        local.global = local.modeJs === 'browser'","            ? window","            : global;","        switch (local.modeJs) {","        // re-init local from window.local","        case 'browser':","            local = local.global.utility2.objectSetDefault(","                local.global.utility2_rollup || local.global.local,","                local.global.utility2","            );","            break;","        // re-init local from example.js","        case 'node':","            local = (local.global.utility2_rollup || require('utility2'))","                .requireExampleJsFromReadme();","            break;","        }","        // export local","        local.global.local = local;","    }());","","","","    // run shared js-env code - function","    (function () {","        return;","    }());","    switch (local.modeJs) {","","","","    // run browser js-env code - function","    case 'browser':","        break;","","","","    // run node js-env code - function","    case 'node':","        break;","    }","","","","    // run shared js-env code - post-init","    (function () {","        return;","    }());","    switch (local.modeJs) {","","","","    // run browser js-env code - post-init","    case 'browser':","        // run tests","        local.nop(local.modeTest &&","            document.querySelector('#testRunButton1') &&","            document.querySelector('#testRunButton1').click());","        break;","","","","    // run node js-env code - post-init","    /* istanbul ignore next */","    case 'node':","        local.testCase_buildApidoc_default = local.testCase_buildApidoc_default || function (","            options,","            onError","        ) {","        /*","         * this function will test buildApidoc's default handling-behavior-behavior","         */","            options = { modulePathList: module.paths };","            local.buildApidoc(options, onError);","        };","","        local.testCase_buildApp_default = local.testCase_buildApp_default || function (","            options,","            onError","        ) {","        /*","         * this function will test buildApp's default handling-behavior-behavior","         */","            local.testCase_buildReadme_default(options, local.onErrorThrow);","            local.testCase_buildLib_default(options, local.onErrorThrow);","            local.testCase_buildTest_default(options, local.onErrorThrow);","            options = [];","            local.buildApp(options, onError);","        };","","        local.testCase_buildLib_default = local.testCase_buildLib_default || function (","            options,","            onError","        ) {","        /*","         * this function will test buildLib's default handling-behavior","         */","            options = {};","            local.buildLib(options, onError);","        };","","        local.testCase_buildReadme_default = local.testCase_buildReadme_default || function (","            options,","            onError","        ) {","        /*","         * this function will test buildReadme's default handling-behavior-behavior","         */","            options = {};","            local.buildReadme(options, onError);","        };","","        local.testCase_buildTest_default = local.testCase_buildTest_default || function (","            options,","            onError","        ) {","        /*","         * this function will test buildTest's default handling-behavior","         */","            options = {};","            local.buildTest(options, onError);","        };","","        local.testCase_webpage_default = local.testCase_webpage_default || function (","            options,","            onError","        ) {","        /*","         * this function will test webpage's default handling-behavior","         */","            options = { modeCoverageMerge: true, url: local.serverLocalHost + '?modeTest=1' };","            local.browserTest(options, onError);","        };","","        // run test-server","        local.testRunServer(local);","        break;","    }","}());",""],"l":{"12":2,"14":2,"19":2,"21":2,"23":2,"24":2,"25":2,"30":1,"37":2,"40":2,"43":1,"47":1,"50":1,"52":1,"55":2,"61":2,"62":2,"64":2,"70":1,"76":1,"82":2,"83":2,"85":2,"92":1,"95":1,"102":1,"109":1,"110":1,"113":1,"120":1,"121":1,"122":1,"123":1,"124":1,"127":1,"134":2,"135":2,"138":1,"145":2,"146":2,"149":1,"156":2,"157":2,"160":1,"167":1,"168":1,"172":1,"173":1}},"/home/travis/build/npmtest/node-npmtest-nconf/lib.npmtest_nconf.js":{"path":"/home/travis/build/npmtest/node-npmtest-nconf/lib.npmtest_nconf.js","s":{"1":2,"2":2,"3":2,"4":2,"5":2,"6":2,"7":2,"8":1,"9":2,"10":2,"11":2,"12":2,"13":1,"14":1,"15":1,"16":1},"b":{"1":[2,1,1,1],"2":[1,1,1,1],"3":[1,1],"4":[2,2],"5":[1,1]},"f":{"1":2,"2":2,"3":2},"fnMap":{"1":{"name":"(anonymous_1)","line":12,"loc":{"start":{"line":12,"column":1},"end":{"line":12,"column":13}}},"2":{"name":"(anonymous_2)","line":19,"loc":{"start":{"line":19,"column":5},"end":{"line":19,"column":17}}},"3":{"name":"(anonymous_3)","line":23,"loc":{"start":{"line":23,"column":24},"end":{"line":23,"column":36}}}},"statementMap":{"1":{"start":{"line":12,"column":0},"end":{"line":53,"column":5}},"2":{"start":{"line":14,"column":4},"end":{"line":14,"column":14}},"3":{"start":{"line":19,"column":4},"end":{"line":52,"column":9}},"4":{"start":{"line":21,"column":8},"end":{"line":21,"column":19}},"5":{"start":{"line":23,"column":8},"end":{"line":35,"column":13}},"6":{"start":{"line":24,"column":12},"end":{"line":34,"column":13}},"7":{"start":{"line":25,"column":16},"end":{"line":28,"column":30}},"8":{"start":{"line":30,"column":16},"end":{"line":33,"column":27}},"9":{"start":{"line":37,"column":8},"end":{"line":39,"column":21}},"10":{"start":{"line":41,"column":8},"end":{"line":41,"column":54}},"11":{"start":{"line":43,"column":8},"end":{"line":43,"column":50}},"12":{"start":{"line":45,"column":8},"end":{"line":51,"column":9}},"13":{"start":{"line":46,"column":12},"end":{"line":46,"column":56}},"14":{"start":{"line":48,"column":12},"end":{"line":48,"column":35}},"15":{"start":{"line":49,"column":12},"end":{"line":49,"column":49}},"16":{"start":{"line":50,"column":12},"end":{"line":50,"column":43}}},"branchMap":{"1":{"line":25,"type":"binary-expr","locations":[{"start":{"line":25,"column":23},"end":{"line":25,"column":62}},{"start":{"line":26,"column":20},"end":{"line":26,"column":70}},{"start":{"line":27,"column":20},"end":{"line":27,"column":71}},{"start":{"line":28,"column":20},"end":{"line":28,"column":29}}]},"2":{"line":30,"type":"binary-expr","locations":[{"start":{"line":30,"column":23},"end":{"line":30,"column":37}},{"start":{"line":31,"column":20},"end":{"line":31,"column":61}},{"start":{"line":32,"column":20},"end":{"line":32,"column":70}},{"start":{"line":33,"column":20},"end":{"line":33,"column":26}}]},"3":{"line":37,"type":"cond-expr","locations":[{"start":{"line":38,"column":14},"end":{"line":38,"column":20}},{"start":{"line":39,"column":14},"end":{"line":39,"column":20}}]},"4":{"line":41,"type":"binary-expr","locations":[{"start":{"line":41,"column":16},"end":{"line":41,"column":44}},{"start":{"line":41,"column":48},"end":{"line":41,"column":53}}]},"5":{"line":45,"type":"if","locations":[{"start":{"line":45,"column":8},"end":{"line":45,"column":8}},{"start":{"line":45,"column":8},"end":{"line":45,"column":8}}]}},"code":["/* istanbul instrument in package npmtest_nconf */","/*jslint","    bitwise: true,","    browser: true,","    maxerr: 8,","    maxlen: 96,","    node: true,","    nomen: true,","    regexp: true,","    stupid: true","*/","(function () {","    'use strict';","    var local;","","","","    // run shared js-env code - pre-init","    (function () {","        // init local","        local = {};","        // init modeJs","        local.modeJs = (function () {","            try {","                return typeof navigator.userAgent === 'string' &&","                    typeof document.querySelector('body') === 'object' &&","                    typeof XMLHttpRequest.prototype.open === 'function' &&","                    'browser';","            } catch (errorCaughtBrowser) {","                return module.exports &&","                    typeof process.versions.node === 'string' &&","                    typeof require('http').createServer === 'function' &&","                    'node';","            }","        }());","        // init global","        local.global = local.modeJs === 'browser'","            ? window","            : global;","        // init utility2_rollup","        local = local.global.utility2_rollup || local;","        // init lib","        local.local = local.npmtest_nconf = local;","        // init exports","        if (local.modeJs === 'browser') {","            local.global.utility2_npmtest_nconf = local;","        } else {","            module.exports = local;","            module.exports.__dirname = __dirname;","            module.exports.module = module;","        }","    }());","}());",""],"l":{"12":2,"14":2,"19":2,"21":2,"23":2,"24":2,"25":2,"30":1,"37":2,"41":2,"43":2,"45":2,"46":1,"48":1,"49":1,"50":1}},"/home/travis/build/npmtest/node-npmtest-nconf/example.js":{"path":"/home/travis/build/npmtest/node-npmtest-nconf/example.js","s":{"1":2,"2":2,"3":2,"4":2,"5":2,"6":2,"7":2,"8":1,"9":2,"10":2,"11":2,"12":2,"13":1,"14":2,"15":2,"16":2,"17":2,"18":2,"19":0,"20":2,"21":1,"22":1,"23":1,"24":1,"25":1,"26":0,"27":0,"28":1,"29":1,"30":2,"31":0,"32":0,"33":0,"34":1,"35":2,"36":2,"37":2,"38":2,"39":2,"40":2,"41":0,"42":2,"43":2,"44":2,"45":1,"46":3,"47":1,"48":1,"49":1,"50":1,"51":1,"52":1,"53":1,"54":1,"55":1,"56":1,"57":0,"58":1,"59":6,"60":6,"61":1,"62":2,"63":0,"64":2,"65":1,"66":1,"67":0,"68":0,"69":0,"70":0,"71":0,"72":0,"73":0,"74":0,"75":0,"76":0,"77":0,"78":0,"79":0,"80":0,"81":0,"82":0,"83":0},"b":{"1":[2,1,1,1],"2":[1,1,1,1],"3":[1,1],"4":[2,2],"5":[1,1],"6":[1,1],"7":[2,0],"8":[2,1,1,1,1,1],"9":[0,2,0],"10":[1,1],"11":[2,1,1],"12":[1,0],"13":[0,2],"14":[2,0,0,0,0,0,0],"15":[0,2],"16":[2,0],"17":[1,1],"18":[0,1],"19":[1,2,0,2],"20":[1,0],"21":[1,1],"22":[0,0],"23":[0,0],"24":[0,0],"25":[0,0],"26":[0,0],"27":[0,0],"28":[0,0]},"f":{"1":2,"2":2,"3":2,"4":2,"5":2,"6":2,"7":2,"8":2,"9":3,"10":1,"11":6,"12":0},"fnMap":{"1":{"name":"(anonymous_1)","line":26,"loc":{"start":{"line":26,"column":1},"end":{"line":26,"column":13}}},"2":{"name":"(anonymous_2)","line":33,"loc":{"start":{"line":33,"column":5},"end":{"line":33,"column":17}}},"3":{"name":"(anonymous_3)","line":37,"loc":{"start":{"line":37,"column":24},"end":{"line":37,"column":36}}},"4":{"name":"(anonymous_4)","line":69,"loc":{"start":{"line":69,"column":31},"end":{"line":69,"column":48}},"skip":true},"5":{"name":"(anonymous_5)","line":78,"loc":{"start":{"line":78,"column":26},"end":{"line":78,"column":45}},"skip":true},"6":{"name":"(anonymous_6)","line":123,"loc":{"start":{"line":123,"column":33},"end":{"line":123,"column":48}},"skip":true},"7":{"name":"(anonymous_7)","line":125,"loc":{"start":{"line":125,"column":27},"end":{"line":125,"column":39}},"skip":true},"8":{"name":"(anonymous_8)","line":133,"loc":{"start":{"line":133,"column":59},"end":{"line":133,"column":74}},"skip":true},"9":{"name":"(anonymous_9)","line":143,"loc":{"start":{"line":143,"column":45},"end":{"line":143,"column":62}},"skip":true},"10":{"name":"(anonymous_10)","line":144,"loc":{"start":{"line":144,"column":73},"end":{"line":144,"column":92}},"skip":true},"11":{"name":"(anonymous_11)","line":272,"loc":{"start":{"line":272,"column":51},"end":{"line":272,"column":77}},"skip":true},"12":{"name":"(anonymous_12)","line":314,"loc":{"start":{"line":314,"column":32},"end":{"line":314,"column":61}},"skip":true}},"statementMap":{"1":{"start":{"line":26,"column":0},"end":{"line":325,"column":5}},"2":{"start":{"line":28,"column":4},"end":{"line":28,"column":14}},"3":{"start":{"line":33,"column":4},"end":{"line":60,"column":9}},"4":{"start":{"line":35,"column":8},"end":{"line":35,"column":19}},"5":{"start":{"line":37,"column":8},"end":{"line":49,"column":13}},"6":{"start":{"line":38,"column":12},"end":{"line":48,"column":13}},"7":{"start":{"line":39,"column":16},"end":{"line":42,"column":30}},"8":{"start":{"line":44,"column":16},"end":{"line":47,"column":27}},"9":{"start":{"line":51,"column":8},"end":{"line":53,"column":21}},"10":{"start":{"line":55,"column":8},"end":{"line":57,"column":45}},"11":{"start":{"line":59,"column":8},"end":{"line":59,"column":35}},"12":{"start":{"line":61,"column":4},"end":{"line":324,"column":5}},"13":{"start":{"line":69,"column":8},"end":{"line":121,"column":10},"skip":true},"14":{"start":{"line":70,"column":12},"end":{"line":88,"column":13},"skip":true},"15":{"start":{"line":76,"column":16},"end":{"line":87,"column":19},"skip":true},"16":{"start":{"line":79,"column":20},"end":{"line":86,"column":21},"skip":true},"17":{"start":{"line":82,"column":24},"end":{"line":82,"column":43},"skip":true},"18":{"start":{"line":83,"column":24},"end":{"line":83,"column":30},"skip":true},"19":{"start":{"line":85,"column":24},"end":{"line":85,"column":49},"skip":true},"20":{"start":{"line":89,"column":12},"end":{"line":107,"column":13},"skip":true},"21":{"start":{"line":92,"column":16},"end":{"line":102,"column":17},"skip":true},"22":{"start":{"line":93,"column":20},"end":{"line":93,"column":86},"skip":true},"23":{"start":{"line":94,"column":20},"end":{"line":95,"column":45},"skip":true},"24":{"start":{"line":96,"column":20},"end":{"line":96,"column":42},"skip":true},"25":{"start":{"line":97,"column":20},"end":{"line":97,"column":48},"skip":true},"26":{"start":{"line":100,"column":20},"end":{"line":100,"column":85},"skip":true},"27":{"start":{"line":101,"column":20},"end":{"line":101,"column":96},"skip":true},"28":{"start":{"line":103,"column":16},"end":{"line":103,"column":22},"skip":true},"29":{"start":{"line":106,"column":16},"end":{"line":106,"column":22},"skip":true},"30":{"start":{"line":108,"column":12},"end":{"line":120,"column":13},"skip":true},"31":{"start":{"line":114,"column":16},"end":{"line":119,"column":17},"skip":true},"32":{"start":{"line":116,"column":20},"end":{"line":116,"column":78},"skip":true},"33":{"start":{"line":118,"column":20},"end":{"line":118,"column":53},"skip":true},"34":{"start":{"line":123,"column":8},"end":{"line":141,"column":11},"skip":true},"35":{"start":{"line":124,"column":12},"end":{"line":124,"column":54},"skip":true},"36":{"start":{"line":125,"column":12},"end":{"line":140,"column":14},"skip":true},"37":{"start":{"line":126,"column":16},"end":{"line":126,"column":28},"skip":true},"38":{"start":{"line":127,"column":16},"end":{"line":127,"column":69},"skip":true},"39":{"start":{"line":128,"column":16},"end":{"line":128,"column":75},"skip":true},"40":{"start":{"line":129,"column":16},"end":{"line":131,"column":17},"skip":true},"41":{"start":{"line":130,"column":20},"end":{"line":130,"column":27},"skip":true},"42":{"start":{"line":133,"column":16},"end":{"line":137,"column":36},"skip":true},"43":{"start":{"line":134,"column":20},"end":{"line":136,"column":55},"skip":true},"44":{"start":{"line":139,"column":16},"end":{"line":139,"column":57},"skip":true},"45":{"start":{"line":143,"column":8},"end":{"line":147,"column":11},"skip":true},"46":{"start":{"line":144,"column":12},"end":{"line":146,"column":15},"skip":true},"47":{"start":{"line":145,"column":16},"end":{"line":145,"column":70},"skip":true},"48":{"start":{"line":149,"column":8},"end":{"line":149,"column":31},"skip":true},"49":{"start":{"line":150,"column":8},"end":{"line":150,"column":14},"skip":true},"50":{"start":{"line":158,"column":8},"end":{"line":158,"column":31},"skip":true},"51":{"start":{"line":160,"column":8},"end":{"line":160,"column":33},"skip":true},"52":{"start":{"line":161,"column":8},"end":{"line":161,"column":37},"skip":true},"53":{"start":{"line":162,"column":8},"end":{"line":162,"column":35},"skip":true},"54":{"start":{"line":164,"column":8},"end":{"line":164,"column":50},"skip":true},"55":{"start":{"line":166,"column":8},"end":{"line":256,"column":2},"skip":true},"56":{"start":{"line":258,"column":8},"end":{"line":286,"column":9},"skip":true},"57":{"start":{"line":259,"column":12},"end":{"line":269,"column":14},"skip":true},"58":{"start":{"line":271,"column":12},"end":{"line":285,"column":19},"skip":true},"59":{"start":{"line":274,"column":20},"end":{"line":274,"column":35},"skip":true},"60":{"start":{"line":275,"column":20},"end":{"line":284,"column":21},"skip":true},"61":{"start":{"line":277,"column":24},"end":{"line":277,"column":64},"skip":true},"62":{"start":{"line":279,"column":24},"end":{"line":279,"column":40},"skip":true},"63":{"start":{"line":281,"column":24},"end":{"line":281,"column":40},"skip":true},"64":{"start":{"line":283,"column":24},"end":{"line":283,"column":39},"skip":true},"65":{"start":{"line":288,"column":8},"end":{"line":290,"column":9},"skip":true},"66":{"start":{"line":289,"column":12},"end":{"line":289,"column":18},"skip":true},"67":{"start":{"line":291,"column":8},"end":{"line":293,"column":54},"skip":true},"68":{"start":{"line":294,"column":8},"end":{"line":301,"column":37},"skip":true},"69":{"start":{"line":302,"column":8},"end":{"line":302,"column":82},"skip":true},"70":{"start":{"line":305,"column":8},"end":{"line":307,"column":9},"skip":true},"71":{"start":{"line":306,"column":12},"end":{"line":306,"column":82},"skip":true},"72":{"start":{"line":309,"column":8},"end":{"line":311,"column":9},"skip":true},"73":{"start":{"line":310,"column":12},"end":{"line":310,"column":18},"skip":true},"74":{"start":{"line":312,"column":8},"end":{"line":312,"column":54},"skip":true},"75":{"start":{"line":313,"column":8},"end":{"line":313,"column":69},"skip":true},"76":{"start":{"line":314,"column":8},"end":{"line":322,"column":36},"skip":true},"77":{"start":{"line":315,"column":12},"end":{"line":315,"column":61},"skip":true},"78":{"start":{"line":316,"column":12},"end":{"line":319,"column":13},"skip":true},"79":{"start":{"line":317,"column":16},"end":{"line":317,"column":75},"skip":true},"80":{"start":{"line":318,"column":16},"end":{"line":318,"column":23},"skip":true},"81":{"start":{"line":320,"column":12},"end":{"line":320,"column":38},"skip":true},"82":{"start":{"line":321,"column":12},"end":{"line":321,"column":27},"skip":true},"83":{"start":{"line":323,"column":8},"end":{"line":323,"column":14},"skip":true}},"branchMap":{"1":{"line":39,"type":"binary-expr","locations":[{"start":{"line":39,"column":23},"end":{"line":39,"column":62}},{"start":{"line":40,"column":20},"end":{"line":40,"column":70}},{"start":{"line":41,"column":20},"end":{"line":41,"column":71}},{"start":{"line":42,"column":20},"end":{"line":42,"column":29}}]},"2":{"line":44,"type":"binary-expr","locations":[{"start":{"line":44,"column":23},"end":{"line":44,"column":37}},{"start":{"line":45,"column":20},"end":{"line":45,"column":61}},{"start":{"line":46,"column":20},"end":{"line":46,"column":70}},{"start":{"line":47,"column":20},"end":{"line":47,"column":26}}]},"3":{"line":51,"type":"cond-expr","locations":[{"start":{"line":52,"column":14},"end":{"line":52,"column":20}},{"start":{"line":53,"column":14},"end":{"line":53,"column":20}}]},"4":{"line":55,"type":"binary-expr","locations":[{"start":{"line":55,"column":16},"end":{"line":55,"column":44}},{"start":{"line":55,"column":49},"end":{"line":57,"column":43}}]},"5":{"line":55,"type":"cond-expr","locations":[{"start":{"line":56,"column":14},"end":{"line":56,"column":49}},{"start":{"line":57,"column":14},"end":{"line":57,"column":43}}]},"6":{"line":61,"type":"switch","locations":[{"start":{"line":68,"column":4},"end":{"line":150,"column":14},"skip":true},{"start":{"line":156,"column":4},"end":{"line":323,"column":14},"skip":true}]},"7":{"line":70,"type":"if","locations":[{"start":{"line":70,"column":12},"end":{"line":70,"column":12},"skip":true},{"start":{"line":70,"column":12},"end":{"line":70,"column":12},"skip":true}]},"8":{"line":70,"type":"binary-expr","locations":[{"start":{"line":70,"column":16},"end":{"line":70,"column":22},"skip":true},{"start":{"line":70,"column":27},"end":{"line":70,"column":32},"skip":true},{"start":{"line":71,"column":20},"end":{"line":71,"column":39},"skip":true},{"start":{"line":72,"column":20},"end":{"line":72,"column":49},"skip":true},{"start":{"line":73,"column":20},"end":{"line":73,"column":58},"skip":true},{"start":{"line":74,"column":20},"end":{"line":74,"column":69},"skip":true}]},"9":{"line":79,"type":"switch","locations":[{"start":{"line":80,"column":20},"end":{"line":80,"column":33},"skip":true},{"start":{"line":81,"column":20},"end":{"line":83,"column":30},"skip":true},{"start":{"line":84,"column":20},"end":{"line":85,"column":49},"skip":true}]},"10":{"line":89,"type":"switch","locations":[{"start":{"line":90,"column":12},"end":{"line":103,"column":22},"skip":true},{"start":{"line":105,"column":12},"end":{"line":106,"column":22},"skip":true}]},"11":{"line":89,"type":"binary-expr","locations":[{"start":{"line":89,"column":20},"end":{"line":89,"column":25},"skip":true},{"start":{"line":89,"column":29},"end":{"line":89,"column":48},"skip":true},{"start":{"line":89,"column":52},"end":{"line":89,"column":74},"skip":true}]},"12":{"line":92,"type":"if","locations":[{"start":{"line":92,"column":16},"end":{"line":92,"column":16},"skip":true},{"start":{"line":92,"column":16},"end":{"line":92,"column":16},"skip":true}]},"13":{"line":108,"type":"if","locations":[{"start":{"line":108,"column":12},"end":{"line":108,"column":12},"skip":true},{"start":{"line":108,"column":12},"end":{"line":108,"column":12},"skip":true}]},"14":{"line":108,"type":"binary-expr","locations":[{"start":{"line":108,"column":16},"end":{"line":108,"column":61},"skip":true},{"start":{"line":108,"column":66},"end":{"line":108,"column":72},"skip":true},{"start":{"line":108,"column":77},"end":{"line":108,"column":82},"skip":true},{"start":{"line":109,"column":20},"end":{"line":109,"column":39},"skip":true},{"start":{"line":110,"column":20},"end":{"line":110,"column":49},"skip":true},{"start":{"line":111,"column":20},"end":{"line":111,"column":58},"skip":true},{"start":{"line":112,"column":20},"end":{"line":112,"column":68},"skip":true}]},"15":{"line":129,"type":"if","locations":[{"start":{"line":129,"column":16},"end":{"line":129,"column":16},"skip":true},{"start":{"line":129,"column":16},"end":{"line":129,"column":16},"skip":true}]},"16":{"line":134,"type":"cond-expr","locations":[{"start":{"line":135,"column":26},"end":{"line":135,"column":29},"skip":true},{"start":{"line":136,"column":26},"end":{"line":136,"column":54},"skip":true}]},"17":{"line":164,"type":"binary-expr","locations":[{"start":{"line":164,"column":27},"end":{"line":164,"column":43},"skip":true},{"start":{"line":164,"column":47},"end":{"line":164,"column":49},"skip":true}]},"18":{"line":258,"type":"if","locations":[{"start":{"line":258,"column":8},"end":{"line":258,"column":8},"skip":true},{"start":{"line":258,"column":8},"end":{"line":258,"column":8},"skip":true}]},"19":{"line":275,"type":"switch","locations":[{"start":{"line":276,"column":20},"end":{"line":277,"column":64},"skip":true},{"start":{"line":278,"column":20},"end":{"line":279,"column":40},"skip":true},{"start":{"line":280,"column":20},"end":{"line":281,"column":40},"skip":true},{"start":{"line":282,"column":20},"end":{"line":283,"column":39},"skip":true}]},"20":{"line":288,"type":"if","locations":[{"start":{"line":288,"column":8},"end":{"line":288,"column":8},"skip":true},{"start":{"line":288,"column":8},"end":{"line":288,"column":8},"skip":true}]},"21":{"line":288,"type":"binary-expr","locations":[{"start":{"line":288,"column":12},"end":{"line":288,"column":40},"skip":true},{"start":{"line":288,"column":44},"end":{"line":288,"column":67},"skip":true}]},"22":{"line":292,"type":"binary-expr","locations":[{"start":{"line":292,"column":12},"end":{"line":292,"column":50},"skip":true},{"start":{"line":293,"column":12},"end":{"line":293,"column":53},"skip":true}]},"23":{"line":295,"type":"binary-expr","locations":[{"start":{"line":295,"column":12},"end":{"line":295,"column":63},"skip":true},{"start":{"line":296,"column":12},"end":{"line":301,"column":36},"skip":true}]},"24":{"line":302,"type":"binary-expr","locations":[{"start":{"line":302,"column":43},"end":{"line":302,"column":75},"skip":true},{"start":{"line":302,"column":79},"end":{"line":302,"column":81},"skip":true}]},"25":{"line":305,"type":"if","locations":[{"start":{"line":305,"column":8},"end":{"line":305,"column":8},"skip":true},{"start":{"line":305,"column":8},"end":{"line":305,"column":8},"skip":true}]},"26":{"line":309,"type":"if","locations":[{"start":{"line":309,"column":8},"end":{"line":309,"column":8},"skip":true},{"start":{"line":309,"column":8},"end":{"line":309,"column":8},"skip":true}]},"27":{"line":312,"type":"binary-expr","locations":[{"start":{"line":312,"column":27},"end":{"line":312,"column":43},"skip":true},{"start":{"line":312,"column":47},"end":{"line":312,"column":53},"skip":true}]},"28":{"line":316,"type":"if","locations":[{"start":{"line":316,"column":12},"end":{"line":316,"column":12},"skip":true},{"start":{"line":316,"column":12},"end":{"line":316,"column":12},"skip":true}]}},"code":["/*","example.js","","quickstart example","","instruction","    1. save this script as example.js","    2. run the shell command:","        $ npm install npmtest-nconf && PORT=8081 node example.js","    3. play with the browser-demo on http://127.0.0.1:8081","*/","","","","/* istanbul instrument in package npmtest_nconf */","/*jslint","    bitwise: true,","    browser: true,","    maxerr: 8,","    maxlen: 96,","    node: true,","    nomen: true,","    regexp: true,","    stupid: true","*/","(function () {","    'use strict';","    var local;","","","","    // run shared js-env code - pre-init","    (function () {","        // init local","        local = {};","        // init modeJs","        local.modeJs = (function () {","            try {","                return typeof navigator.userAgent === 'string' &&","                    typeof document.querySelector('body') === 'object' &&","                    typeof XMLHttpRequest.prototype.open === 'function' &&","                    'browser';","            } catch (errorCaughtBrowser) {","                return module.exports &&","                    typeof process.versions.node === 'string' &&","                    typeof require('http').createServer === 'function' &&","                    'node';","            }","        }());","        // init global","        local.global = local.modeJs === 'browser'","            ? window","            : global;","        // init utility2_rollup","        local = local.global.utility2_rollup || (local.modeJs === 'browser'","            ? local.global.utility2_npmtest_nconf","            : global.utility2_moduleExports);","        // export local","        local.global.local = local;","    }());","    switch (local.modeJs) {","","","","    // post-init","    // run browser js-env code - post-init","    /* istanbul ignore next */","    case 'browser':","        local.testRunBrowser = function (event) {","            if (!event || (event &&","                    event.currentTarget &&","                    event.currentTarget.className &&","                    event.currentTarget.className.includes &&","                    event.currentTarget.className.includes('onreset'))) {","                // reset output","                Array.from(","                    document.querySelectorAll('body > .resettable')","                ).forEach(function (element) {","                    switch (element.tagName) {","                    case 'INPUT':","                    case 'TEXTAREA':","                        element.value = '';","                        break;","                    default:","                        element.textContent = '';","                    }","                });","            }","            switch (event && event.currentTarget && event.currentTarget.id) {","            case 'testRunButton1':","                // show tests","                if (document.querySelector('#testReportDiv1').style.display === 'none') {","                    document.querySelector('#testReportDiv1').style.display = 'block';","                    document.querySelector('#testRunButton1').textContent =","                        'hide internal test';","                    local.modeTest = true;","                    local.testRunDefault(local);","                // hide tests","                } else {","                    document.querySelector('#testReportDiv1').style.display = 'none';","                    document.querySelector('#testRunButton1').textContent = 'run internal test';","                }","                break;","            // custom-case","            default:","                break;","            }","            if (document.querySelector('#inputTextareaEval1') && (!event || (event &&","                    event.currentTarget &&","                    event.currentTarget.className &&","                    event.currentTarget.className.includes &&","                    event.currentTarget.className.includes('oneval')))) {","                // try to eval input-code","                try {","                    /*jslint evil: true*/","                    eval(document.querySelector('#inputTextareaEval1').value);","                } catch (errorCaught) {","                    console.error(errorCaught.stack);","                }","            }","        };","        // log stderr and stdout to #outputTextareaStdout1","        ['error', 'log'].forEach(function (key) {","            console[key + '_original'] = console[key];","            console[key] = function () {","                var element;","                console[key + '_original'].apply(console, arguments);","                element = document.querySelector('#outputTextareaStdout1');","                if (!element) {","                    return;","                }","                // append text to #outputTextareaStdout1","                element.value += Array.from(arguments).map(function (arg) {","                    return typeof arg === 'string'","                        ? arg","                        : JSON.stringify(arg, null, 4);","                }).join(' ') + '\\n';","                // scroll textarea to bottom","                element.scrollTop = element.scrollHeight;","            };","        });","        // init event-handling","        ['change', 'click', 'keyup'].forEach(function (event) {","            Array.from(document.querySelectorAll('.on' + event)).forEach(function (element) {","                element.addEventListener(event, local.testRunBrowser);","            });","        });","        // run tests","        local.testRunBrowser();","        break;","","","","    // run node js-env code - post-init","    /* istanbul ignore next */","    case 'node':","        // export local","        module.exports = local;","        // require modules","        local.fs = require('fs');","        local.http = require('http');","        local.url = require('url');","        // init assets","        local.assetsDict = local.assetsDict || {};","        /* jslint-ignore-begin */","        local.assetsDict['/assets.index.template.html'] = '\\","<!doctype html>\\n\\","<html lang=\"en\">\\n\\","<head>\\n\\","<meta charset=\"UTF-8\">\\n\\","<meta name=\"viewport\" content=\"width=device-width, initial-scale=1\">\\n\\","<title>{{env.npm_package_name}} (v{{env.npm_package_version}})</title>\\n\\","<style>\\n\\","/*csslint\\n\\","    box-sizing: false,\\n\\","    universal-selector: false\\n\\","*/\\n\\","* {\\n\\","    box-sizing: border-box;\\n\\","}\\n\\","body {\\n\\","    background: #dde;\\n\\","    font-family: Arial, Helvetica, sans-serif;\\n\\","    margin: 2rem;\\n\\","}\\n\\","body > * {\\n\\","    margin-bottom: 1rem;\\n\\","}\\n\\",".utility2FooterDiv {\\n\\","    margin-top: 20px;\\n\\","    text-align: center;\\n\\","}\\n\\","</style>\\n\\","<style>\\n\\","/*csslint\\n\\","*/\\n\\","textarea {\\n\\","    font-family: monospace;\\n\\","    height: 10rem;\\n\\","    width: 100%;\\n\\","}\\n\\","textarea[readonly] {\\n\\","    background: #ddd;\\n\\","}\\n\\","</style>\\n\\","</head>\\n\\","<body>\\n\\","<!-- utility2-comment\\n\\","<div id=\"ajaxProgressDiv1\" style=\"background: #d00; height: 2px; left: 0; margin: 0; padding: 0; position: fixed; top: 0; transition: background 0.5s, width 1.5s; width: 25%;\"></div>\\n\\","utility2-comment -->\\n\\","<h1>\\n\\","<!-- utility2-comment\\n\\","    <a\\n\\","        {{#if env.npm_package_homepage}}\\n\\","        href=\"{{env.npm_package_homepage}}\"\\n\\","        {{/if env.npm_package_homepage}}\\n\\","        target=\"_blank\"\\n\\","    >\\n\\","utility2-comment -->\\n\\","        {{env.npm_package_name}} (v{{env.npm_package_version}})\\n\\","<!-- utility2-comment\\n\\","    </a>\\n\\","utility2-comment -->\\n\\","</h1>\\n\\","<h3>{{env.npm_package_description}}</h3>\\n\\","<!-- utility2-comment\\n\\","<h4><a download href=\"assets.app.js\">download standalone app</a></h4>\\n\\","<button class=\"onclick onreset\" id=\"testRunButton1\">run internal test</button><br>\\n\\","<div id=\"testReportDiv1\" style=\"display: none;\"></div>\\n\\","utility2-comment -->\\n\\","\\n\\","\\n\\","\\n\\","<label>stderr and stdout</label>\\n\\","<textarea class=\"resettable\" id=\"outputTextareaStdout1\" readonly></textarea>\\n\\","<!-- utility2-comment\\n\\","{{#if isRollup}}\\n\\","<script src=\"assets.app.js\"></script>\\n\\","{{#unless isRollup}}\\n\\","utility2-comment -->\\n\\","<script src=\"assets.utility2.rollup.js\"></script>\\n\\","<script src=\"jsonp.utility2._stateInit?callback=window.utility2._stateInit\"></script>\\n\\","<script src=\"assets.npmtest_nconf.rollup.js\"></script>\\n\\","<script src=\"assets.example.js\"></script>\\n\\","<script src=\"assets.test.js\"></script>\\n\\","<!-- utility2-comment\\n\\","{{/if isRollup}}\\n\\","utility2-comment -->\\n\\","<div class=\"utility2FooterDiv\">\\n\\","    [ this app was created with\\n\\","    <a href=\"https://github.com/kaizhu256/node-utility2\" target=\"_blank\">utility2</a>\\n\\","    ]\\n\\","</div>\\n\\","</body>\\n\\","</html>\\n\\","';","        /* jslint-ignore-end */","        if (local.templateRender) {","            local.assetsDict['/'] = local.templateRender(","                local.assetsDict['/assets.index.template.html'],","                {","                    env: local.objectSetDefault(local.env, {","                        npm_package_description: 'the greatest app in the world!',","                        npm_package_name: 'my-app',","                        npm_package_nameAlias: 'my_app',","                        npm_package_version: '0.0.1'","                    })","                }","            );","        } else {","            local.assetsDict['/'] = local.assetsDict['/assets.index.template.html']","                .replace((/\\{\\{env\\.(\\w+?)\\}\\}/g), function (match0, match1) {","                    // jslint-hack","                    String(match0);","                    switch (match1) {","                    case 'npm_package_description':","                        return 'the greatest app in the world!';","                    case 'npm_package_name':","                        return 'my-app';","                    case 'npm_package_nameAlias':","                        return 'my_app';","                    case 'npm_package_version':","                        return '0.0.1';","                    }","                });","        }","        // run the cli","        if (local.global.utility2_rollup || module !== require.main) {","            break;","        }","        local.assetsDict['/assets.example.js'] =","            local.assetsDict['/assets.example.js'] ||","            local.fs.readFileSync(__filename, 'utf8');","        local.assetsDict['/assets.npmtest_nconf.rollup.js'] =","            local.assetsDict['/assets.npmtest_nconf.rollup.js'] ||","            local.fs.readFileSync(","                // buildCustomOrg-hack","                local.npmtest_nconf.__dirname +","                    '/lib.npmtest_nconf.js',","                'utf8'","            ).replace((/^#!/), '//');","        local.assetsDict['/favicon.ico'] = local.assetsDict['/favicon.ico'] || '';","        // if $npm_config_timeout_exit exists,","        // then exit this process after $npm_config_timeout_exit ms","        if (Number(process.env.npm_config_timeout_exit)) {","            setTimeout(process.exit, Number(process.env.npm_config_timeout_exit));","        }","        // start server","        if (local.global.utility2_serverHttp1) {","            break;","        }","        process.env.PORT = process.env.PORT || '8081';","        console.error('server starting on port ' + process.env.PORT);","        local.http.createServer(function (request, response) {","            request.urlParsed = local.url.parse(request.url);","            if (local.assetsDict[request.urlParsed.pathname] !== undefined) {","                response.end(local.assetsDict[request.urlParsed.pathname]);","                return;","            }","            response.statusCode = 404;","            response.end();","        }).listen(process.env.PORT);","        break;","    }","}());",""],"l":{"26":2,"28":2,"33":2,"35":2,"37":2,"38":2,"39":2,"44":1,"51":2,"55":2,"59":2,"61":2,"69":1,"70":2,"76":2,"79":2,"82":2,"83":2,"85":1,"89":2,"92":1,"93":1,"94":1,"96":1,"97":1,"100":1,"101":1,"103":1,"106":1,"108":2,"114":1,"116":1,"118":1,"123":1,"124":2,"125":2,"126":2,"127":2,"128":2,"129":2,"130":1,"133":2,"134":2,"139":2,"143":1,"144":3,"145":1,"149":1,"150":1,"158":1,"160":1,"161":1,"162":1,"164":1,"166":1,"258":1,"259":1,"271":1,"274":6,"275":6,"277":1,"279":2,"281":1,"283":2,"288":1,"289":1,"291":1,"294":1,"302":1,"305":1,"306":1,"309":1,"310":1,"312":1,"313":1,"314":1,"315":1,"316":1,"317":1,"318":1,"320":1,"321":1,"323":1}},"/home/travis/build/npmtest/node-npmtest-nconf/nconf/lib/nconf.js":{"path":"/home/travis/build/npmtest/node-npmtest-nconf/nconf/lib/nconf.js","s":{"1":1,"2":1,"3":1,"4":1,"5":5,"6":5,"7":0,"8":1,"9":1,"10":1,"11":1,"12":1,"13":1},"b":{},"f":{"1":5,"2":0},"fnMap":{"1":{"name":"(anonymous_1)","line":26,"loc":{"start":{"line":26,"column":52},"end":{"line":26,"column":68}}},"2":{"name":"(anonymous_2)","line":30,"loc":{"start":{"line":30,"column":31},"end":{"line":30,"column":43}}}},"statementMap":{"1":{"start":{"line":8,"column":0},"end":{"line":11,"column":52}},"2":{"start":{"line":16,"column":0},"end":{"line":16,"column":44}},"3":{"start":{"line":21,"column":0},"end":{"line":21,"column":51}},"4":{"start":{"line":26,"column":0},"end":{"line":33,"column":3}},"5":{"start":{"line":27,"column":2},"end":{"line":28,"column":39}},"6":{"start":{"line":30,"column":2},"end":{"line":32,"column":5}},"7":{"start":{"line":31,"column":4},"end":{"line":31,"column":52}},"8":{"start":{"line":38,"column":0},"end":{"line":38,"column":33}},"9":{"start":{"line":39,"column":0},"end":{"line":39,"column":34}},"10":{"start":{"line":40,"column":0},"end":{"line":40,"column":39}},"11":{"start":{"line":41,"column":0},"end":{"line":41,"column":43}},"12":{"start":{"line":42,"column":0},"end":{"line":42,"column":49}},"13":{"start":{"line":43,"column":0},"end":{"line":43,"column":31}}},"branchMap":{},"code":["/*"," * nconf.js: Top-level include for the nconf module"," *"," * (C) 2011, Charlie Robbins and the Contributors."," *"," */","","var fs = require('fs'),","    async = require('async'),","    common = require('./nconf/common'),","    Provider = require('./nconf/provider').Provider;","","//","// `nconf` is by default an instance of `nconf.Provider`.","//","var nconf = module.exports = new Provider();","","//","// Expose the version from the package.json","//","nconf.version = require('../package.json').version;","","//","// Setup all stores as lazy-loaded getters.","//","fs.readdirSync(__dirname + '/nconf/stores').forEach(function (file) {","  var store = file.replace('.js', ''),","      name  = common.capitalize(store);","","  nconf.__defineGetter__(name, function () {","    return require('./nconf/stores/' + store)[name];","  });","});","","//","// Expose the various components included with nconf","//","nconf.key           = common.key;","nconf.path          = common.path;","nconf.loadFiles     = common.loadFiles;","nconf.loadFilesSync = common.loadFilesSync;","nconf.formats       = require('./nconf/formats');","nconf.Provider      = Provider;","",""],"l":{"8":1,"16":1,"21":1,"26":1,"27":5,"30":5,"31":0,"38":1,"39":1,"40":1,"41":1,"42":1,"43":1}},"/home/travis/build/npmtest/node-npmtest-nconf/nconf/lib/nconf/common.js":{"path":"/home/travis/build/npmtest/node-npmtest-nconf/nconf/lib/nconf/common.js","s":{"1":1,"2":1,"3":1,"4":0,"5":0,"6":1,"7":0,"8":1,"9":0,"10":1,"11":0,"12":0,"13":0,"14":0,"15":1,"16":0,"17":0,"18":0,"19":0,"20":1,"21":0,"22":0,"23":0,"24":0,"25":0,"26":0,"27":1,"28":0,"29":0,"30":0,"31":0,"32":0,"33":1,"34":5},"b":{"1":[0,0],"2":[0,0],"3":[0,0],"4":[0,0],"5":[0,0],"6":[0,0],"7":[0,0],"8":[0,0],"9":[0,0],"10":[0,0],"11":[5,5]},"f":{"1":0,"2":0,"3":0,"4":0,"5":0,"6":0,"7":0,"8":0,"9":0,"10":0,"11":0,"12":0,"13":5},"fnMap":{"1":{"name":"(anonymous_1)","line":22,"loc":{"start":{"line":22,"column":14},"end":{"line":22,"column":40}}},"2":{"name":"(anonymous_2)","line":31,"loc":{"start":{"line":31,"column":13},"end":{"line":31,"column":25}}},"3":{"name":"(anonymous_3)","line":40,"loc":{"start":{"line":40,"column":15},"end":{"line":40,"column":27}}},"4":{"name":"(anonymous_4)","line":50,"loc":{"start":{"line":50,"column":19},"end":{"line":50,"column":46}}},"5":{"name":"parseFile","line":63,"loc":{"start":{"line":63,"column":2},"end":{"line":63,"column":34}}},"6":{"name":"(anonymous_6)","line":64,"loc":{"start":{"line":64,"column":22},"end":{"line":64,"column":43}}},"7":{"name":"(anonymous_7)","line":71,"loc":{"start":{"line":71,"column":38},"end":{"line":71,"column":59}}},"8":{"name":"(anonymous_8)","line":81,"loc":{"start":{"line":81,"column":23},"end":{"line":81,"column":40}}},"9":{"name":"(anonymous_9)","line":93,"loc":{"start":{"line":93,"column":40},"end":{"line":93,"column":56}}},"10":{"name":"(anonymous_10)","line":104,"loc":{"start":{"line":104,"column":15},"end":{"line":104,"column":31}}},"11":{"name":"(anonymous_11)","line":107,"loc":{"start":{"line":107,"column":15},"end":{"line":107,"column":30}}},"12":{"name":"(anonymous_12)","line":108,"loc":{"start":{"line":108,"column":29},"end":{"line":108,"column":44}}},"13":{"name":"(anonymous_13)","line":121,"loc":{"start":{"line":121,"column":20},"end":{"line":121,"column":35}}}},"statementMap":{"1":{"start":{"line":8,"column":0},"end":{"line":11,"column":47}},"2":{"start":{"line":13,"column":0},"end":{"line":13,"column":21}},"3":{"start":{"line":22,"column":0},"end":{"line":25,"column":2}},"4":{"start":{"line":23,"column":2},"end":{"line":23,"column":31}},"5":{"start":{"line":24,"column":2},"end":{"line":24,"column":49}},"6":{"start":{"line":31,"column":0},"end":{"line":33,"column":2}},"7":{"start":{"line":32,"column":2},"end":{"line":32,"column":57}},"8":{"start":{"line":40,"column":0},"end":{"line":42,"column":2}},"9":{"start":{"line":41,"column":2},"end":{"line":41,"column":69}},"10":{"start":{"line":50,"column":0},"end":{"line":74,"column":2}},"11":{"start":{"line":51,"column":2},"end":{"line":53,"column":3}},"12":{"start":{"line":52,"column":4},"end":{"line":52,"column":30}},"13":{"start":{"line":55,"column":2},"end":{"line":55,"column":64}},"14":{"start":{"line":61,"column":2},"end":{"line":61,"column":50}},"15":{"start":{"line":63,"column":2},"end":{"line":69,"column":3}},"16":{"start":{"line":64,"column":4},"end":{"line":68,"column":7}},"17":{"start":{"line":65,"column":6},"end":{"line":67,"column":20}},"18":{"start":{"line":71,"column":2},"end":{"line":73,"column":5}},"19":{"start":{"line":72,"column":4},"end":{"line":72,"column":68}},"20":{"start":{"line":81,"column":0},"end":{"line":96,"column":2}},"21":{"start":{"line":82,"column":2},"end":{"line":84,"column":3}},"22":{"start":{"line":83,"column":4},"end":{"line":83,"column":11}},"23":{"start":{"line":90,"column":2},"end":{"line":90,"column":64}},"24":{"start":{"line":91,"column":2},"end":{"line":91,"column":50}},"25":{"start":{"line":93,"column":2},"end":{"line":95,"column":6}},"26":{"start":{"line":94,"column":4},"end":{"line":94,"column":63}},"27":{"start":{"line":104,"column":0},"end":{"line":114,"column":2}},"28":{"start":{"line":105,"column":2},"end":{"line":105,"column":27}},"29":{"start":{"line":107,"column":2},"end":{"line":111,"column":5}},"30":{"start":{"line":108,"column":4},"end":{"line":110,"column":7}},"31":{"start":{"line":109,"column":6},"end":{"line":109,"column":33}},"32":{"start":{"line":113,"column":2},"end":{"line":113,"column":21}},"33":{"start":{"line":121,"column":0},"end":{"line":123,"column":2}},"34":{"start":{"line":122,"column":2},"end":{"line":122,"column":52}}},"branchMap":{"1":{"line":23,"type":"binary-expr","locations":[{"start":{"line":23,"column":14},"end":{"line":23,"column":23}},{"start":{"line":23,"column":27},"end":{"line":23,"column":30}}]},"2":{"line":24,"type":"cond-expr","locations":[{"start":{"line":24,"column":23},"end":{"line":24,"column":25}},{"start":{"line":24,"column":28},"end":{"line":24,"column":48}}]},"3":{"line":51,"type":"if","locations":[{"start":{"line":51,"column":2},"end":{"line":51,"column":2}},{"start":{"line":51,"column":2},"end":{"line":51,"column":2}}]},"4":{"line":55,"type":"cond-expr","locations":[{"start":{"line":55,"column":39},"end":{"line":55,"column":55}},{"start":{"line":55,"column":58},"end":{"line":55,"column":63}}]},"5":{"line":61,"type":"binary-expr","locations":[{"start":{"line":61,"column":19},"end":{"line":61,"column":33}},{"start":{"line":61,"column":37},"end":{"line":61,"column":49}}]},"6":{"line":65,"type":"cond-expr","locations":[{"start":{"line":66,"column":10},"end":{"line":66,"column":59}},{"start":{"line":67,"column":10},"end":{"line":67,"column":19}}]},"7":{"line":72,"type":"cond-expr","locations":[{"start":{"line":72,"column":17},"end":{"line":72,"column":30}},{"start":{"line":72,"column":33},"end":{"line":72,"column":67}}]},"8":{"line":82,"type":"if","locations":[{"start":{"line":82,"column":2},"end":{"line":82,"column":2}},{"start":{"line":82,"column":2},"end":{"line":82,"column":2}}]},"9":{"line":90,"type":"cond-expr","locations":[{"start":{"line":90,"column":39},"end":{"line":90,"column":55}},{"start":{"line":90,"column":58},"end":{"line":90,"column":63}}]},"10":{"line":91,"type":"binary-expr","locations":[{"start":{"line":91,"column":19},"end":{"line":91,"column":33}},{"start":{"line":91,"column":37},"end":{"line":91,"column":49}}]},"11":{"line":122,"type":"binary-expr","locations":[{"start":{"line":122,"column":9},"end":{"line":122,"column":12}},{"start":{"line":122,"column":16},"end":{"line":122,"column":51}}]}},"code":["/*"," * utils.js: Utility functions for the nconf module."," *"," * (C) 2011, Charlie Robbins and the Contributors."," *"," */","","var fs = require('fs'),","    async = require('async'),","    formats = require('./formats'),","    Memory = require('./stores/memory').Memory;","","var common = exports;","","//","// ### function path (key)","// #### @key {string} The ':' delimited key to split","// Returns a fully-qualified path to a nested nconf key.","// If given null or undefined it should return an empty path.","// '' should still be respected as a path.","//","common.path = function (key, separator) {","  separator = separator || ':';","  return key == null ? [] : key.split(separator);","};","","//","// ### function key (arguments)","// Returns a `:` joined string from the `arguments`.","//","common.key = function () {","  return Array.prototype.slice.call(arguments).join(':');","};","","//","// ### function key (arguments)","// Returns a joined string from the `arguments`,","// first argument is the join delimiter.","//","common.keyed = function () {","  return Array.prototype.slice.call(arguments, 1).join(arguments[0]);","};","","//","// ### function loadFiles (files, callback)","// #### @files {Object|Array} List of files (or settings object) to load.","// #### @callback {function} Continuation to respond to when complete.","// Loads all the data in the specified `files`.","//","common.loadFiles = function (files, callback) {","  if (!files) {","    return callback(null, {});","  }","","  var options = Array.isArray(files) ? { files: files } : files;","","  //","  // Set the default JSON format if not already","  // specified","  //","  options.format = options.format || formats.json;","","  function parseFile (file, next) {","    fs.readFile(file, function (err, data) {","      return !err","        ? next(null, options.format.parse(data.toString()))","        : next(err);","    });","  }","","  async.map(options.files, parseFile, function (err, objs) {","    return err ? callback(err) : callback(null, common.merge(objs));","  });","};","","//","// ### function loadFilesSync (files)","// #### @files {Object|Array} List of files (or settings object) to load.","// Loads all the data in the specified `files` synchronously.","//","common.loadFilesSync = function (files) {","  if (!files) {","    return;","  }","","  //","  // Set the default JSON format if not already","  // specified","  //","  var options = Array.isArray(files) ? { files: files } : files;","  options.format = options.format || formats.json;","","  return common.merge(options.files.map(function (file) {","    return options.format.parse(fs.readFileSync(file, 'utf8'));","  }));","};","","//","// ### function merge (objs)","// #### @objs {Array} Array of object literals to merge","// Merges the specified `objs` using a temporary instance","// of `stores.Memory`.","//","common.merge = function (objs) {","  var store = new Memory();","","  objs.forEach(function (obj) {","    Object.keys(obj).forEach(function (key) {","      store.merge(key, obj[key]);","    });","  });","","  return store.store;","};","","//","// ### function capitalize (str)","// #### @str {string} String to capitalize","// Capitalizes the specified `str`.","//","common.capitalize = function (str) {","  return str && str[0].toUpperCase() + str.slice(1);","};",""],"l":{"8":1,"13":1,"22":1,"23":0,"24":0,"31":1,"32":0,"40":1,"41":0,"50":1,"51":0,"52":0,"55":0,"61":0,"63":1,"64":0,"65":0,"71":0,"72":0,"81":1,"82":0,"83":0,"90":0,"91":0,"93":0,"94":0,"104":1,"105":0,"107":0,"108":0,"109":0,"113":0,"121":1,"122":5}},"/home/travis/build/npmtest/node-npmtest-nconf/nconf/lib/nconf/formats.js":{"path":"/home/travis/build/npmtest/node-npmtest-nconf/nconf/lib/nconf/formats.js","s":{"1":1,"2":1,"3":1,"4":0,"5":1},"b":{"1":[0,0],"2":[0,0]},"f":{"1":0},"fnMap":{"1":{"name":"(anonymous_1)","line":17,"loc":{"start":{"line":17,"column":13},"end":{"line":17,"column":47}}}},"statementMap":{"1":{"start":{"line":8,"column":0},"end":{"line":8,"column":25}},"2":{"start":{"line":10,"column":0},"end":{"line":10,"column":22}},"3":{"start":{"line":16,"column":0},"end":{"line":21,"column":2}},"4":{"start":{"line":18,"column":4},"end":{"line":18,"column":62}},"5":{"start":{"line":28,"column":0},"end":{"line":28,"column":18}}},"branchMap":{"1":{"line":18,"type":"binary-expr","locations":[{"start":{"line":18,"column":31},"end":{"line":18,"column":39}},{"start":{"line":18,"column":43},"end":{"line":18,"column":47}}]},"2":{"line":18,"type":"binary-expr","locations":[{"start":{"line":18,"column":49},"end":{"line":18,"column":56}},{"start":{"line":18,"column":60},"end":{"line":18,"column":61}}]}},"code":["/*"," * formats.js: Default formats supported by nconf"," *"," * (C) 2011, Charlie Robbins and the Contributors."," *"," */","","var ini = require('ini');","","var formats = exports;","","//","// ### @json","// Standard JSON format which pretty prints `.stringify()`.","//","formats.json = {","  stringify: function (obj, replacer, spacing) {","    return JSON.stringify(obj, replacer || null, spacing || 2)","  },","  parse: JSON.parse","};","","//","// ### @ini","// Standard INI format supplied from the `ini` module","// http://en.wikipedia.org/wiki/INI_file","//","formats.ini = ini;",""],"l":{"8":1,"10":1,"16":1,"18":0,"28":1}},"/home/travis/build/npmtest/node-npmtest-nconf/nconf/lib/nconf/stores/memory.js":{"path":"/home/travis/build/npmtest/node-npmtest-nconf/nconf/lib/nconf/stores/memory.js","s":{"1":1,"2":1,"3":0,"4":0,"5":0,"6":0,"7":0,"8":0,"9":0,"10":0,"11":0,"12":1,"13":0,"14":0,"15":0,"16":0,"17":0,"18":0,"19":0,"20":0,"21":1,"22":0,"23":0,"24":0,"25":0,"26":0,"27":0,"28":0,"29":0,"30":0,"31":0,"32":0,"33":0,"34":0,"35":0,"36":0,"37":0,"38":0,"39":0,"40":1,"41":0,"42":0,"43":0,"44":0,"45":0,"46":0,"47":0,"48":0,"49":0,"50":0,"51":0,"52":0,"53":0,"54":1,"55":0,"56":0,"57":0,"58":0,"59":0,"60":0,"61":0,"62":0,"63":0,"64":0,"65":0,"66":0,"67":0,"68":0,"69":0,"70":0,"71":0,"72":1,"73":0,"74":0,"75":0,"76":0,"77":0,"78":1,"79":0},"b":{"1":[0,0],"2":[0,0],"3":[0,0],"4":[0,0],"5":[0,0],"6":[0,0],"7":[0,0],"8":[0,0],"9":[0,0],"10":[0,0],"11":[0,0],"12":[0,0],"13":[0,0],"14":[0,0],"15":[0,0],"16":[0,0],"17":[0,0],"18":[0,0,0],"19":[0,0],"20":[0,0],"21":[0,0],"22":[0,0],"23":[0,0]},"f":{"1":0,"2":0,"3":0,"4":0,"5":0,"6":0,"7":0,"8":0},"fnMap":{"1":{"name":"(anonymous_1)","line":18,"loc":{"start":{"line":18,"column":30},"end":{"line":18,"column":49}}},"2":{"name":"(anonymous_2)","line":37,"loc":{"start":{"line":37,"column":23},"end":{"line":37,"column":38}}},"3":{"name":"(anonymous_3)","line":62,"loc":{"start":{"line":62,"column":23},"end":{"line":62,"column":45}}},"4":{"name":"(anonymous_4)","line":112,"loc":{"start":{"line":112,"column":25},"end":{"line":112,"column":40}}},"5":{"name":"(anonymous_5)","line":152,"loc":{"start":{"line":152,"column":25},"end":{"line":152,"column":47}}},"6":{"name":"(anonymous_6)","line":200,"loc":{"start":{"line":200,"column":34},"end":{"line":200,"column":52}}},"7":{"name":"(anonymous_7)","line":209,"loc":{"start":{"line":209,"column":25},"end":{"line":209,"column":37}}},"8":{"name":"(anonymous_8)","line":223,"loc":{"start":{"line":223,"column":28},"end":{"line":223,"column":40}}}},"statementMap":{"1":{"start":{"line":8,"column":0},"end":{"line":8,"column":34}},"2":{"start":{"line":18,"column":0},"end":{"line":30,"column":2}},"3":{"start":{"line":19,"column":2},"end":{"line":19,"column":32}},"4":{"start":{"line":20,"column":2},"end":{"line":20,"column":27}},"5":{"start":{"line":21,"column":2},"end":{"line":21,"column":21}},"6":{"start":{"line":22,"column":2},"end":{"line":22,"column":21}},"7":{"start":{"line":23,"column":2},"end":{"line":23,"column":24}},"8":{"start":{"line":24,"column":2},"end":{"line":24,"column":43}},"9":{"start":{"line":25,"column":2},"end":{"line":25,"column":58}},"10":{"start":{"line":27,"column":2},"end":{"line":29,"column":3}},"11":{"start":{"line":28,"column":4},"end":{"line":28,"column":53}},"12":{"start":{"line":37,"column":0},"end":{"line":54,"column":2}},"13":{"start":{"line":38,"column":2},"end":{"line":39,"column":55}},"14":{"start":{"line":44,"column":2},"end":{"line":51,"column":3}},"15":{"start":{"line":45,"column":4},"end":{"line":45,"column":23}},"16":{"start":{"line":46,"column":4},"end":{"line":49,"column":5}},"17":{"start":{"line":47,"column":6},"end":{"line":47,"column":27}},"18":{"start":{"line":48,"column":6},"end":{"line":48,"column":15}},"19":{"start":{"line":50,"column":4},"end":{"line":50,"column":21}},"20":{"start":{"line":53,"column":2},"end":{"line":53,"column":16}},"21":{"start":{"line":62,"column":0},"end":{"line":105,"column":2}},"22":{"start":{"line":63,"column":2},"end":{"line":65,"column":3}},"23":{"start":{"line":64,"column":4},"end":{"line":64,"column":17}},"24":{"start":{"line":67,"column":2},"end":{"line":68,"column":55}},"25":{"start":{"line":70,"column":2},"end":{"line":82,"column":3}},"26":{"start":{"line":74,"column":4},"end":{"line":81,"column":5}},"27":{"start":{"line":75,"column":6},"end":{"line":75,"column":19}},"28":{"start":{"line":78,"column":6},"end":{"line":78,"column":19}},"29":{"start":{"line":79,"column":6},"end":{"line":79,"column":25}},"30":{"start":{"line":80,"column":6},"end":{"line":80,"column":18}},"31":{"start":{"line":87,"column":2},"end":{"line":87,"column":32}},"32":{"start":{"line":92,"column":2},"end":{"line":99,"column":3}},"33":{"start":{"line":93,"column":4},"end":{"line":93,"column":23}},"34":{"start":{"line":94,"column":4},"end":{"line":96,"column":5}},"35":{"start":{"line":95,"column":6},"end":{"line":95,"column":23}},"36":{"start":{"line":98,"column":4},"end":{"line":98,"column":25}},"37":{"start":{"line":102,"column":2},"end":{"line":102,"column":21}},"38":{"start":{"line":103,"column":2},"end":{"line":103,"column":22}},"39":{"start":{"line":104,"column":2},"end":{"line":104,"column":14}},"40":{"start":{"line":112,"column":0},"end":{"line":142,"column":2}},"41":{"start":{"line":113,"column":2},"end":{"line":115,"column":3}},"42":{"start":{"line":114,"column":4},"end":{"line":114,"column":17}},"43":{"start":{"line":117,"column":2},"end":{"line":119,"column":55}},"44":{"start":{"line":124,"column":2},"end":{"line":124,"column":26}},"45":{"start":{"line":129,"column":2},"end":{"line":136,"column":3}},"46":{"start":{"line":130,"column":4},"end":{"line":130,"column":18}},"47":{"start":{"line":131,"column":4},"end":{"line":131,"column":24}},"48":{"start":{"line":132,"column":4},"end":{"line":134,"column":5}},"49":{"start":{"line":133,"column":6},"end":{"line":133,"column":19}},"50":{"start":{"line":135,"column":4},"end":{"line":135,"column":19}},"51":{"start":{"line":139,"column":2},"end":{"line":139,"column":16}},"52":{"start":{"line":140,"column":2},"end":{"line":140,"column":21}},"53":{"start":{"line":141,"column":2},"end":{"line":141,"column":14}},"54":{"start":{"line":152,"column":0},"end":{"line":203,"column":2}},"55":{"start":{"line":153,"column":2},"end":{"line":155,"column":3}},"56":{"start":{"line":154,"column":4},"end":{"line":154,"column":17}},"57":{"start":{"line":161,"column":2},"end":{"line":163,"column":3}},"58":{"start":{"line":162,"column":4},"end":{"line":162,"column":32}},"59":{"start":{"line":165,"column":2},"end":{"line":168,"column":20}},"60":{"start":{"line":173,"column":2},"end":{"line":173,"column":32}},"61":{"start":{"line":178,"column":2},"end":{"line":185,"column":3}},"62":{"start":{"line":179,"column":4},"end":{"line":179,"column":23}},"63":{"start":{"line":180,"column":4},"end":{"line":182,"column":5}},"64":{"start":{"line":181,"column":6},"end":{"line":181,"column":23}},"65":{"start":{"line":184,"column":4},"end":{"line":184,"column":25}},"66":{"start":{"line":188,"column":2},"end":{"line":188,"column":21}},"67":{"start":{"line":195,"column":2},"end":{"line":198,"column":3}},"68":{"start":{"line":196,"column":4},"end":{"line":196,"column":24}},"69":{"start":{"line":197,"column":4},"end":{"line":197,"column":16}},"70":{"start":{"line":200,"column":2},"end":{"line":202,"column":5}},"71":{"start":{"line":201,"column":4},"end":{"line":201,"column":91}},"72":{"start":{"line":209,"column":0},"end":{"line":217,"column":2}},"73":{"start":{"line":210,"column":2},"end":{"line":212,"column":3}},"74":{"start":{"line":211,"column":4},"end":{"line":211,"column":17}},"75":{"start":{"line":214,"column":2},"end":{"line":214,"column":19}},"76":{"start":{"line":215,"column":2},"end":{"line":215,"column":19}},"77":{"start":{"line":216,"column":2},"end":{"line":216,"column":14}},"78":{"start":{"line":223,"column":0},"end":{"line":225,"column":2}},"79":{"start":{"line":224,"column":2},"end":{"line":224,"column":26}}},"branchMap":{"1":{"line":19,"type":"binary-expr","locations":[{"start":{"line":19,"column":18},"end":{"line":19,"column":25}},{"start":{"line":19,"column":29},"end":{"line":19,"column":31}}]},"2":{"line":24,"type":"binary-expr","locations":[{"start":{"line":24,"column":18},"end":{"line":24,"column":34}},{"start":{"line":24,"column":38},"end":{"line":24,"column":42}}]},"3":{"line":25,"type":"binary-expr","locations":[{"start":{"line":25,"column":26},"end":{"line":25,"column":50}},{"start":{"line":25,"column":54},"end":{"line":25,"column":57}}]},"4":{"line":27,"type":"if","locations":[{"start":{"line":27,"column":2},"end":{"line":27,"column":2}},{"start":{"line":27,"column":2},"end":{"line":27,"column":2}}]},"5":{"line":46,"type":"if","locations":[{"start":{"line":46,"column":4},"end":{"line":46,"column":4}},{"start":{"line":46,"column":4},"end":{"line":46,"column":4}}]},"6":{"line":46,"type":"binary-expr","locations":[{"start":{"line":46,"column":8},"end":{"line":46,"column":14}},{"start":{"line":46,"column":18},"end":{"line":46,"column":44}}]},"7":{"line":63,"type":"if","locations":[{"start":{"line":63,"column":2},"end":{"line":63,"column":2}},{"start":{"line":63,"column":2},"end":{"line":63,"column":2}}]},"8":{"line":70,"type":"if","locations":[{"start":{"line":70,"column":2},"end":{"line":70,"column":2}},{"start":{"line":70,"column":2},"end":{"line":70,"column":2}}]},"9":{"line":74,"type":"if","locations":[{"start":{"line":74,"column":4},"end":{"line":74,"column":4}},{"start":{"line":74,"column":4},"end":{"line":74,"column":4}}]},"10":{"line":74,"type":"binary-expr","locations":[{"start":{"line":74,"column":8},"end":{"line":74,"column":14}},{"start":{"line":74,"column":18},"end":{"line":74,"column":43}}]},"11":{"line":94,"type":"if","locations":[{"start":{"line":94,"column":4},"end":{"line":94,"column":4}},{"start":{"line":94,"column":4},"end":{"line":94,"column":4}}]},"12":{"line":94,"type":"binary-expr","locations":[{"start":{"line":94,"column":8},"end":{"line":94,"column":20}},{"start":{"line":94,"column":24},"end":{"line":94,"column":55}}]},"13":{"line":113,"type":"if","locations":[{"start":{"line":113,"column":2},"end":{"line":113,"column":2}},{"start":{"line":113,"column":2},"end":{"line":113,"column":2}}]},"14":{"line":132,"type":"if","locations":[{"start":{"line":132,"column":4},"end":{"line":132,"column":4}},{"start":{"line":132,"column":4},"end":{"line":132,"column":4}}]},"15":{"line":132,"type":"binary-expr","locations":[{"start":{"line":132,"column":8},"end":{"line":132,"column":35}},{"start":{"line":132,"column":39},"end":{"line":132,"column":64}}]},"16":{"line":153,"type":"if","locations":[{"start":{"line":153,"column":2},"end":{"line":153,"column":2}},{"start":{"line":153,"column":2},"end":{"line":153,"column":2}}]},"17":{"line":161,"type":"if","locations":[{"start":{"line":161,"column":2},"end":{"line":161,"column":2}},{"start":{"line":161,"column":2},"end":{"line":161,"column":2}}]},"18":{"line":161,"type":"binary-expr","locations":[{"start":{"line":161,"column":6},"end":{"line":161,"column":31}},{"start":{"line":161,"column":35},"end":{"line":161,"column":55}},{"start":{"line":161,"column":59},"end":{"line":161,"column":73}}]},"19":{"line":180,"type":"if","locations":[{"start":{"line":180,"column":4},"end":{"line":180,"column":4}},{"start":{"line":180,"column":4},"end":{"line":180,"column":4}}]},"20":{"line":195,"type":"if","locations":[{"start":{"line":195,"column":2},"end":{"line":195,"column":2}},{"start":{"line":195,"column":2},"end":{"line":195,"column":2}}]},"21":{"line":195,"type":"binary-expr","locations":[{"start":{"line":195,"column":6},"end":{"line":195,"column":37}},{"start":{"line":195,"column":41},"end":{"line":195,"column":67}}]},"22":{"line":210,"type":"if","locations":[{"start":{"line":210,"column":2},"end":{"line":210,"column":2}},{"start":{"line":210,"column":2},"end":{"line":210,"column":2}}]},"23":{"line":224,"type":"binary-expr","locations":[{"start":{"line":224,"column":9},"end":{"line":224,"column":19}},{"start":{"line":224,"column":23},"end":{"line":224,"column":25}}]}},"code":["/*"," * memory.js: Simple memory storage engine for nconf configuration(s)"," *"," * (C) 2011, Charlie Robbins and the Contributors."," *"," */","","var common = require('../common');","","//","// ### function Memory (options)","// #### @options {Object} Options for this instance","// Constructor function for the Memory nconf store which maintains","// a nested json structure based on key delimiters `:`.","//","// e.g. `my:nested:key` ==> `{ my: { nested: { key: } } }`","//","var Memory = exports.Memory = function (options) {","  options       = options || {};","  this.type     = 'memory';","  this.store    = {};","  this.mtimes   = {};","  this.readOnly = false;","  this.loadFrom = options.loadFrom || null;","  this.logicalSeparator = options.logicalSeparator || ':';","","  if (this.loadFrom) {","    this.store = common.loadFilesSync(this.loadFrom);","  }","};","","//","// ### function get (key)","// #### @key {string} Key to retrieve for this instance.","// Retrieves the value for the specified key (if any).","//","Memory.prototype.get = function (key) {","  var target = this.store,","      path   = common.path(key, this.logicalSeparator);","","  //","  // Scope into the object to get the appropriate nested context","  //","  while (path.length > 0) {","    key = path.shift();","    if (target && target.hasOwnProperty(key)) {","      target = target[key];","      continue;","    }","    return undefined;","  }","","  return target;","};","","//","// ### function set (key, value)","// #### @key {string} Key to set in this instance","// #### @value {literal|Object} Value for the specified key","// Sets the `value` for the specified `key` in this instance.","//","Memory.prototype.set = function (key, value) {","  if (this.readOnly) {","    return false;","  }","","  var target = this.store,","      path   = common.path(key, this.logicalSeparator);","","  if (path.length === 0) {","    //","    // Root must be an object","    //","    if (!value || typeof value !== 'object') {","      return false;","    }","    else {","      this.reset();","      this.store = value;","      return true;","    }","  }","","  //","  // Update the `mtime` (modified time) of the key","  //","  this.mtimes[key] = Date.now();","","  //","  // Scope into the object to get the appropriate nested context","  //","  while (path.length > 1) {","    key = path.shift();","    if (!target[key] || typeof target[key] !== 'object') {","      target[key] = {};","    }","","    target = target[key];","  }","","  // Set the specified value in the nested JSON structure","  key = path.shift();","  target[key] = value;","  return true;","};","","//","// ### function clear (key)","// #### @key {string} Key to remove from this instance","// Removes the value for the specified `key` from this instance.","//","Memory.prototype.clear = function (key) {","  if (this.readOnly) {","    return false;","  }","","  var target = this.store,","      value  = target,","      path   = common.path(key, this.logicalSeparator);","","  //","  // Remove the key from the set of `mtimes` (modified times)","  //","  delete this.mtimes[key];","","  //","  // Scope into the object to get the appropriate nested context","  //","  for (var i = 0; i < path.length - 1; i++) {","    key = path[i];","    value = target[key];","    if (typeof value !== 'function' && typeof value !== 'object') {","      return false;","    }","    target = value;","  }","","  // Delete the key from the nested JSON structure","  key = path[i];","  delete target[key];","  return true;","};","","//","// ### function merge (key, value)","// #### @key {string} Key to merge the value into","// #### @value {literal|Object} Value to merge into the key","// Merges the properties in `value` into the existing object value","// at `key`. If the existing value `key` is not an Object, it will be","// completely overwritten.","//","Memory.prototype.merge = function (key, value) {","  if (this.readOnly) {","    return false;","  }","","  //","  // If the key is not an `Object` or is an `Array`,","  // then simply set it. Merging is for Objects.","  //","  if (typeof value !== 'object' || Array.isArray(value) || value === null) {","    return this.set(key, value);","  }","","  var self    = this,","      target  = this.store,","      path    = common.path(key, this.logicalSeparator),","      fullKey = key;","","  //","  // Update the `mtime` (modified time) of the key","  //","  this.mtimes[key] = Date.now();","","  //","  // Scope into the object to get the appropriate nested context","  //","  while (path.length > 1) {","    key = path.shift();","    if (!target[key]) {","      target[key] = {};","    }","","    target = target[key];","  }","","  // Set the specified value in the nested JSON structure","  key = path.shift();","","  //","  // If the current value at the key target is not an `Object`,","  // or is an `Array` then simply override it because the new value","  // is an Object.","  //","  if (typeof target[key] !== 'object' || Array.isArray(target[key])) {","    target[key] = value;","    return true;","  }","","  return Object.keys(value).every(function (nested) {","    return self.merge(common.keyed(self.logicalSeparator, fullKey, nested), value[nested]);","  });","};","","//","// ### function reset (callback)","// Clears all keys associated with this instance.","//","Memory.prototype.reset = function () {","  if (this.readOnly) {","    return false;","  }","","  this.mtimes = {};","  this.store  = {};","  return true;","};","","//","// ### function loadSync","// Returns the store managed by this instance","//","Memory.prototype.loadSync = function () {","  return this.store || {};","};",""],"l":{"8":1,"18":1,"19":0,"20":0,"21":0,"22":0,"23":0,"24":0,"25":0,"27":0,"28":0,"37":1,"38":0,"44":0,"45":0,"46":0,"47":0,"48":0,"50":0,"53":0,"62":1,"63":0,"64":0,"67":0,"70":0,"74":0,"75":0,"78":0,"79":0,"80":0,"87":0,"92":0,"93":0,"94":0,"95":0,"98":0,"102":0,"103":0,"104":0,"112":1,"113":0,"114":0,"117":0,"124":0,"129":0,"130":0,"131":0,"132":0,"133":0,"135":0,"139":0,"140":0,"141":0,"152":1,"153":0,"154":0,"161":0,"162":0,"165":0,"173":0,"178":0,"179":0,"180":0,"181":0,"184":0,"188":0,"195":0,"196":0,"197":0,"200":0,"201":0,"209":1,"210":0,"211":0,"214":0,"215":0,"216":0,"223":1,"224":0}},"/
[...]
":576,"type":"if","locations":[{"start":{"line":576,"column":6},"end":{"line":576,"column":6}},{"start":{"line":576,"column":6},"end":{"line":576,"column":6}}]},"79":{"line":576,"type":"binary-expr","locations":[{"start":{"line":576,"column":10},"end":{"line":576,"column":18}},{"start":{"line":576,"column":22},"end":{"line":576,"column":38}},{"start":{"line":576,"column":42},"end":{"line":576,"column":70}},{"start":{"line":576,"column":74},"end":{"line":576,"column":98}}]},"80":{"line":583,"type":"if","locations":[{"start":{"line":583,"column":2},"end":{"line":583,"column":2}},{"start":{"line":583,"column":2},"end":{"line":583,"column":2}}]},"81":{"line":594,"type":"if","locations":[{"start":{"line":594,"column":2},"end":{"line":594,"column":2}},{"start":{"line":594,"column":2},"end":{"line":594,"column":2}}]}},"code":["/*"," * provider.js: Abstraction providing an interface into pluggable configuration storage."," *"," * (C) 2011, Charlie Robbins and the Contributors."," *"," */","","var async = require('async'),","    common = require('./common');","","//","// ### function Provider (options)","// #### @options {Object} Options for this instance.","// Constructor function for the Provider object responsible","// for exposing the pluggable storage features of `nconf`.","//","var Provider = exports.Provider = function (options) {","  //","  // Setup default options for working with `stores`,","  // `overrides`, `process.env` and `process.argv`.","  //","  options       = options || {};","  this.stores  = {};","  this.sources = [];","  this.init(options);","};","","//","// Define wrapper functions for using basic stores","// in this instance","//","","['argv', 'env'].forEach(function (type) {","  Provider.prototype[type] = function () {","    var args = [type].concat(Array.prototype.slice.call(arguments));","    return this.add.apply(this, args);","  };","});","","//","// ### function file (key, options)","// #### @key {string|Object} Fully qualified options, name of file store, or path.","// #### @path {string|Object} **Optional** Full qualified options, or path.","// Adds a new `File` store to this instance. Accepts the following options","//","//    nconf.file({ file: '.jitsuconf', dir: process.env.HOME, search: true });","//    nconf.file('path/to/config/file');","//    nconf.file('userconfig', 'path/to/config/file');","//    nconf.file('userconfig', { file: '.jitsuconf', search: true });","//","Provider.prototype.file = function (key, options) {","  if (arguments.length == 1) {","    options = typeof key === 'string' ? { file: key } : key;","    key = 'file';","  }","  else {","    options = typeof options === 'string'","      ? { file: options }","      : options;","  }","","  options.type = 'file';","  return this.add(key, options);","};","","//","// Define wrapper functions for using","// overrides and defaults","//","['defaults', 'overrides'].forEach(function (type) {","  Provider.prototype[type] = function (options) {","    options = options || {};","    if (!options.type) {","      options.type = 'literal';","    }","","    return this.add(type, options);","  };","});","","//","// ### function use (name, options)","// #### @type {string} Type of the nconf store to use.","// #### @options {Object} Options for the store instance.","// Adds (or replaces) a new store with the specified `name`","// and `options`. If `options.type` is not set, then `name`","// will be used instead:","//","//    provider.use('file');","//    provider.use('file', { type: 'file', filename: '/path/to/userconf' })","//","Provider.prototype.use = function (name, options) {","  options  = options      || {};","  var type = options.type || name;","","  function sameOptions (store) {","    return Object.keys(options).every(function (key) {","      return options[key] === store[key];","    });","  }","","  var store = this.stores[name],","      update = store && !sameOptions(store);","","  if (!store || update) {","    if (update) {","      this.remove(name);","    }","","    this.add(name, options);","  }","","  return this;","};","","//","// ### function add (name, options)","// #### @name {string} Name of the store to add to this instance","// #### @options {Object} Options for the store to create","// Adds a new store with the specified `name` and `options`. If `options.type`","// is not set, then `name` will be used instead:","//","//    provider.add('memory');","//    provider.add('userconf', { type: 'file', filename: '/path/to/userconf' })","//","Provider.prototype.add = function (name, options, usage) {","  options  = options      || {};","  var type = options.type || name;","","  if (!require('../nconf')[common.capitalize(type)]) {","    throw new Error('Cannot add store with unknown type: ' + type);","  }","","  this.stores[name] = this.create(type, options, usage);","","  if (this.stores[name].loadSync) {","    this.stores[name].loadSync();","  }","","  return this;","};","","//","// ### function remove (name)","// #### @name {string} Name of the store to remove from this instance","// Removes a store with the specified `name` from this instance. Users","// are allowed to pass in a type argument (e.g. `memory`) as name if","// this was used in the call to `.add()`.","//","Provider.prototype.remove = function (name) {","  delete this.stores[name];","  return this;","};","","//","// ### function create (type, options)","// #### @type {string} Type of the nconf store to use.","// #### @options {Object} Options for the store instance.","// Creates a store of the specified `type` using the","// specified `options`.","//","Provider.prototype.create = function (type, options, usage) {","  return new (require('../nconf')[common.capitalize(type.toLowerCase())])(options, usage);","};","","//","// ### function init (options)","// #### @options {Object} Options to initialize this instance with.","// Initializes this instance with additional `stores` or `sources` in the","// `options` supplied.","//","Provider.prototype.init = function (options) {","  var self = this;","","  //","  // Add any stores passed in through the options","  // to this instance.","  //","  if (options.type) {","    this.add(options.type, options);","  }","  else if (options.store) {","    this.add(options.store.name || options.store.type, options.store);","  }","  else if (options.stores) {","    Object.keys(options.stores).forEach(function (name) {","      var store = options.stores[name];","      self.add(store.name || name || store.type, store);","    });","  }","","  //","  // Add any read-only sources to this instance","  //","  if (options.source) {","    this.sources.push(this.create(options.source.type || options.source.name, options.source));","  }","  else if (options.sources) {","    Object.keys(options.sources).forEach(function (name) {","      var source = options.sources[name];","      self.sources.push(self.create(source.type || source.name || name, source));","    });","  }","};","","//","// ### function get (key, callback)","// #### @key {string} Key to retrieve for this instance.","// #### @callback {function} **Optional** Continuation to respond to when complete.","// Retrieves the value for the specified key (if any).","//","Provider.prototype.get = function (key, callback) {","  if (typeof key === 'function') {","    // Allow a * key call to be made","    callback = key;","    key = null;","  }","","  //","  // If there is no callback we can short-circuit into the default","  // logic for traversing stores.","  //","  if (!callback) {","    return this._execute('get', 1, key, callback);","  }","","  //","  // Otherwise the asynchronous, hierarchical `get` is","  // slightly more complicated because we do not need to traverse","  // the entire set of stores, but up until there is a defined value.","  //","  var current = 0,","      names = Object.keys(this.stores),","      self = this,","      response,","      mergeObjs = [];","","  async.whilst(function () {","    return typeof response === 'undefined' && current < names.length;","  }, function (next) {","    var store = self.stores[names[current]];","    current++;","","    if (store.get.length >= 2) {","      return store.get(key, function (err, value) {","        if (err) {","          return next(err);","        }","","        response = value;","","        // Merge objects if necessary","        if (response && typeof response === 'object' && !Array.isArray(response)) {","          mergeObjs.push(response);","          response = undefined;","        }","","        next();","      });","    }","","    response = store.get(key);","","    // Merge objects if necessary","    if (response && typeof response === 'object' && !Array.isArray(response)) {","      mergeObjs.push(response);","      response = undefined;","    }","","    next();","  }, function (err) {","    if (!err && mergeObjs.length) {","      response = common.merge(mergeObjs.reverse());","    }","    return err ? callback(err) : callback(null, response);","  });","};","","//","// ### function set (key, value, callback)","// #### @key {string} Key to set in this instance","// #### @value {literal|Object} Value for the specified key","// #### @callback {function} **Optional** Continuation to respond to when complete.","// Sets the `value` for the specified `key` in this instance.","//","Provider.prototype.set = function (key, value, callback) {","  return this._execute('set', 2, key, value, callback);","};","","","//","// ### function required (keys)","// #### @keys {array} List of keys","// Throws an error if any of `keys` has no value, otherwise returns `true`","Provider.prototype.required = function (keys) {","  if (!Array.isArray(keys)) {","    throw new Error('Incorrect parameter, array expected');","  }","","  var missing = [];","  keys.forEach(function(key) {","    if (typeof this.get(key) === 'undefined') {","      missing.push(key);","    }","  }, this);","","  if (missing.length) {","    throw new Error('Missing required keys: ' + missing.join(', '));","  } else {","    return true;","  }","","};","","//","// ### function reset (callback)","// #### @callback {function} **Optional** Continuation to respond to when complete.","// Clears all keys associated with this instance.","//","Provider.prototype.reset = function (callback) {","  return this._execute('reset', 0, callback);","};","","//","// ### function clear (key, callback)","// #### @key {string} Key to remove from this instance","// #### @callback {function} **Optional** Continuation to respond to when complete.","// Removes the value for the specified `key` from this instance.","//","Provider.prototype.clear = function (key, callback) {","  return this._execute('clear', 1, key, callback);","};","","//","// ### function merge ([key,] value [, callback])","// #### @key {string} Key to merge the value into","// #### @value {literal|Object} Value to merge into the key","// #### @callback {function} **Optional** Continuation to respond to when complete.","// Merges the properties in `value` into the existing object value at `key`.","//","// 1. If the existing value `key` is not an Object, it will be completely overwritten.","// 2. If `key` is not supplied, then the `value` will be merged into the root.","//","Provider.prototype.merge = function () {","  var self = this,","      args = Array.prototype.slice.call(arguments),","      callback = typeof args[args.length - 1] === 'function' && args.pop(),","      value = args.pop(),","      key = args.pop();","","  function mergeProperty (prop, next) {","    return self._execute('merge', 2, prop, value[prop], next);","  }","","  if (!key) {","    if (Array.isArray(value) || typeof value !== 'object') {","      return onError(new Error('Cannot merge non-Object into top-level.'), callback);","    }","","    return async.forEach(Object.keys(value), mergeProperty, callback || function () { })","  }","","  return this._execute('merge', 2, key, value, callback);","};","","//","// ### function load (callback)","// #### @callback {function} Continuation to respond to when complete.","// Responds with an Object representing all keys associated in this instance.","//","Provider.prototype.load = function (callback) {","  var self = this;","","  function getStores () {","    var stores = Object.keys(self.stores);","    stores.reverse();","    return stores.map(function (name) {","      return self.stores[name];","    });","  }","","  function loadStoreSync(store) {","    if (!store.loadSync) {","      throw new Error('nconf store ' + store.type + ' has no loadSync() method');","    }","","    return store.loadSync();","  }","","  function loadStore(store, next) {","    if (!store.load && !store.loadSync) {","      return next(new Error('nconf store ' + store.type + ' has no load() method'));","    }","","    return store.loadSync","      ? next(null, store.loadSync())","      : store.load(next);","  }","","  function loadBatch (targets, done) {","    if (!done) {","      return common.merge(targets.map(loadStoreSync));","    }","","    async.map(targets, loadStore, function (err, objs) {","      return err ? done(err) : done(null, common.merge(objs));","    });","  }","","  function mergeSources (data) {","    //","    // If `data` was returned then merge it into","    // the system store.","    //","    if (data && typeof data === 'object') {","      self.use('sources', {","        type: 'literal',","        store: data","      });","    }","  }","","  function loadSources () {","    var sourceHierarchy = self.sources.splice(0);","    sourceHierarchy.reverse();","","    //","    // If we don't have a callback and the current","    // store is capable of loading synchronously","    // then do so.","    //","    if (!callback) {","      mergeSources(loadBatch(sourceHierarchy));","      return loadBatch(getStores());","    }","","    loadBatch(sourceHierarchy, function (err, data) {","      if (err) {","        return callback(err);","      }","","      mergeSources(data);","      return loadBatch(getStores(), callback);","    });","  }","","  return self.sources.length","    ? loadSources()","    : loadBatch(getStores(), callback);","};","","//","// ### function save (callback)","// #### @callback {function} **optional**  Continuation to respond to when","// complete.","// Instructs each provider to save.  If a callback is provided, we will attempt","// asynchronous saves on the providers, falling back to synchronous saves if","// this isn't possible.  If a provider does not know how to save, it will be","// ignored.  Returns an object consisting of all of the data which was","// actually saved.","//","Provider.prototype.save = function (value, callback) {","  if (!callback && typeof value === 'function') {","    callback = value;","    value = null;","  }","","  var self = this,","      names = Object.keys(this.stores);","","  function saveStoreSync(memo, name) {","    var store = self.stores[name];","","    //","    // If the `store` doesn't have a `saveSync` method,","    // just ignore it and continue.","    //","    if (store.saveSync) {","      var ret = store.saveSync();","      if (typeof ret == 'object' && ret !== null) {","        memo.push(ret);","      }","    }","    return memo;","  }","","  function saveStore(memo, name, next) {","    var store = self.stores[name];","","    //","    // If the `store` doesn't have a `save` or saveSync`","    // method(s), just ignore it and continue.","    //","","    if (store.save) {","      return store.save(value, function (err, data) {","        if (err) {","          return next(err);","        }","","        if (typeof data == 'object' && data !== null) {","          memo.push(data);","        }","","        next(null, memo);","      });","    }","    else if (store.saveSync) {","      memo.push(store.saveSync());","    }","","    next(null, memo);","  }","","  //","  // If we don't have a callback and the current","  // store is capable of saving synchronously","  // then do so.","  //","  if (!callback) {","    return common.merge(names.reduce(saveStoreSync, []));","  }","","  async.reduce(names, [], saveStore, function (err, objs) {","    return err ? callback(err) : callback(null, common.merge(objs));","  });","};","","//","// ### @private function _execute (action, syncLength, [arguments])","// #### @action {string} Action to execute on `this.store`.","// #### @syncLength {number} Function length of the sync version.","// #### @arguments {Array} Arguments array to apply to the action","// Executes the specified `action` on all stores for this instance, ensuring a callback supplied","// to a synchronous store function is still invoked.","//","Provider.prototype._execute = function (action, syncLength /* [arguments] */) {","  var args = Array.prototype.slice.call(arguments, 2),","      callback = typeof args[args.length - 1] === 'function' && args.pop(),","      destructive = ['set', 'clear', 'merge', 'reset'].indexOf(action) !== -1,","      self = this,","      response,","      mergeObjs = [],","      keys = Object.keys(this.stores);","","","  function runAction (name, next) {","    var store = self.stores[name];","","    if (destructive && store.readOnly) {","      return next();","    }","","    return store[action].length > syncLength","      ? store[action].apply(store, args.concat(next))","      : next(null, store[action].apply(store, args));","  }","","  if (callback) {","    return async.forEach(keys, runAction, function (err) {","      return err ? callback(err) : callback();","    });","  }","","  keys.forEach(function (name) {","    if (typeof response === 'undefined') {","      var store = self.stores[name];","","      if (destructive && store.readOnly) {","        return;","      }","","      response = store[action].apply(store, args);","","      // Merge objects if necessary","      if (response && action === 'get' && typeof response === 'object' && !Array.isArray(response)) {","        mergeObjs.push(response);","        response = undefined;","      }","    }","  });","","  if (mergeObjs.length) {","    response = common.merge(mergeObjs.reverse());","  }","","  return response;","}","","//","// Throw the `err` if a callback is not supplied","//","function onError(err, callback) {","  if (callback) {","    return callback(err);","  }","","  throw err;","}",""],"l":{"8":1,"17":1,"22":1,"23":1,"24":1,"25":1,"33":1,"34":2,"35":0,"36":0,"51":1,"52":0,"53":0,"54":0,"57":0,"62":0,"63":0,"70":1,"71":2,"72":0,"73":0,"74":0,"77":0,"92":1,"93":0,"94":0,"96":1,"97":0,"98":0,"102":0,"105":0,"106":0,"107":0,"110":0,"113":0,"126":1,"127":0,"128":0,"130":0,"131":0,"134":0,"136":0,"137":0,"140":0,"150":1,"151":0,"152":0,"162":1,"163":0,"172":1,"173":1,"179":1,"180":0,"182":1,"183":0,"185":1,"186":0,"187":0,"188":0,"195":1,"196":0,"198":1,"199":0,"200":0,"201":0,"212":1,"213":0,"215":0,"216":0,"223":0,"224":0,"232":0,"238":0,"239":0,"241":0,"242":0,"244":0,"245":0,"246":0,"247":0,"250":0,"253":0,"254":0,"255":0,"258":0,"262":0,"265":0,"266":0,"267":0,"270":0,"272":0,"273":0,"275":0,"286":1,"287":0,"295":1,"296":0,"297":0,"300":0,"301":0,"302":0,"303":0,"307":0,"308":0,"310":0,"320":1,"321":0,"330":1,"331":0,"344":1,"345":0,"351":1,"352":0,"355":0,"356":0,"357":0,"360":0,"363":0,"371":1,"372":0,"374":1,"375":0,"376":0,"377":0,"378":0,"382":1,"383":0,"384":0,"387":0,"390":1,"391":0,"392":0,"395":0,"400":1,"401":0,"402":0,"405":0,"406":0,"410":1,"415":0,"416":0,"423":1,"424":0,"425":0,"432":0,"433":0,"434":0,"437":0,"438":0,"439":0,"442":0,"443":0,"447":0,"462":1,"463":0,"464":0,"465":0,"468":0,"471":1,"472":0,"478":0,"479":0,"480":0,"481":0,"484":0,"487":1,"488":0,"495":0,"496":0,"497":0,"498":0,"501":0,"502":0,"505":0,"508":0,"509":0,"512":0,"520":0,"521":0,"524":0,"525":0,"537":1,"538":0,"547":1,"548":0,"550":0,"551":0,"554":0,"559":0,"560":0,"561":0,"565":0,"566":0,"567":0,"569":0,"570":0,"573":0,"576":0,"577":0,"578":0,"583":0,"584":0,"587":0,"593":1,"594":0,"595":0,"598":0}}}